
*** Running vivado
    with args -log MicroBlazeIP_wrapper.vds -m64 -product Vivado -mode batch -messageDb vivado.pb -notrace -source MicroBlazeIP_wrapper.tcl



****** Vivado v2022.1 (64-bit)
  **** SW Build 3526262 on Mon Apr 18 15:48:16 MDT 2022
  **** IP Build 3524634 on Mon Apr 18 20:55:01 MDT 2022
    ** Copyright 1986-2022 Xilinx, Inc. All Rights Reserved.

source MicroBlazeIP_wrapper.tcl -notrace
INFO: [IP_Flow 19-234] Refreshing IP repositories
INFO: [IP_Flow 19-1700] Loaded user IP repository 'c:/Users/redrob1n/VivadoProjects/ip_repo'.
INFO: [IP_Flow 19-2313] Loaded Vivado IP repository 'C:/Xilinx/Vivado/2022.1/data/ip'.
add_files: Time (s): cpu = 00:00:05 ; elapsed = 00:00:08 . Memory (MB): peak = 1635.180 ; gain = 0.000
Command: read_checkpoint -auto_incremental -incremental C:/Users/redrob1n/VivadoProjects/MicroBlazeIP/MicroBlazeIP.srcs/utils_1/imports/synth_1/MicroBlazeIP_wrapper.dcp
INFO: [Vivado 12-5825] Read reference checkpoint from C:/Users/redrob1n/VivadoProjects/MicroBlazeIP/MicroBlazeIP.srcs/utils_1/imports/synth_1/MicroBlazeIP_wrapper.dcp for incremental synthesis
INFO: [Vivado 12-7989] Please ensure there are no constraint changes
Command: synth_design -top MicroBlazeIP_wrapper -part xc7a100tcsg324-1
Starting synth_design
Attempting to get a license for feature 'Synthesis' and/or device 'xc7a100t'
INFO: [Common 17-349] Got license for feature 'Synthesis' and/or device 'xc7a100t'
INFO: [Device 21-403] Loading part xc7a100tcsg324-1
INFO: [Designutils 20-5440] No compile time benefit to using incremental synthesis; A full resynthesis will be run
INFO: [Designutils 20-4379] Flow is switching to default flow due to incremental criteria not met. If you would like to alter this behaviour and have the flow terminate instead, please set the following parameter config_implementation {autoIncr.Synth.RejectBehavior Terminate}
INFO: [Synth 8-7079] Multithreading enabled for synth_design using a maximum of 2 processes.
INFO: [Synth 8-7078] Launching helper process for spawning children vivado processes
INFO: [Synth 8-7075] Helper process launched with PID 2848
WARNING: [Synth 8-9501] generate block is allowed only inside loop and conditional generate in SystemVerilog mode [C:/Xilinx/Vivado/2022.1/data/ip/xpm/xpm_fifo/hdl/xpm_fifo.sv:4023]
---------------------------------------------------------------------------------
Starting RTL Elaboration : Time (s): cpu = 00:00:05 ; elapsed = 00:00:05 . Memory (MB): peak = 1635.180 ; gain = 0.000
---------------------------------------------------------------------------------
INFO: [Synth 8-6157] synthesizing module 'MicroBlazeIP_wrapper' [C:/Users/redrob1n/VivadoProjects/MicroBlazeIP/MicroBlazeIP.gen/sources_1/bd/MicroBlazeIP/hdl/MicroBlazeIP_wrapper.v:12]
INFO: [Synth 8-6157] synthesizing module 'MicroBlazeIP' [c:/Users/redrob1n/VivadoProjects/MicroBlazeIP/MicroBlazeIP.gen/sources_1/bd/MicroBlazeIP/synth/MicroBlazeIP.v:12]
INFO: [Synth 8-6157] synthesizing module 'MicroBlazeIP_axi_gpio_0_3' [C:/Users/redrob1n/VivadoProjects/MicroBlazeIP/MicroBlazeIP.runs/synth_1/.Xil/Vivado-12884-DESKTOP-E8T5E0M/realtime/MicroBlazeIP_axi_gpio_0_3_stub.v:5]
INFO: [Synth 8-6155] done synthesizing module 'MicroBlazeIP_axi_gpio_0_3' (0#1) [C:/Users/redrob1n/VivadoProjects/MicroBlazeIP/MicroBlazeIP.runs/synth_1/.Xil/Vivado-12884-DESKTOP-E8T5E0M/realtime/MicroBlazeIP_axi_gpio_0_3_stub.v:5]
INFO: [Synth 8-6157] synthesizing module 'MicroBlazeIP_axi_gpio_0_2' [C:/Users/redrob1n/VivadoProjects/MicroBlazeIP/MicroBlazeIP.runs/synth_1/.Xil/Vivado-12884-DESKTOP-E8T5E0M/realtime/MicroBlazeIP_axi_gpio_0_2_stub.v:5]
INFO: [Synth 8-6155] done synthesizing module 'MicroBlazeIP_axi_gpio_0_2' (0#1) [C:/Users/redrob1n/VivadoProjects/MicroBlazeIP/MicroBlazeIP.runs/synth_1/.Xil/Vivado-12884-DESKTOP-E8T5E0M/realtime/MicroBlazeIP_axi_gpio_0_2_stub.v:5]
INFO: [Synth 8-6157] synthesizing module 'MicroBlazeIP_axi_iic_0_0' [C:/Users/redrob1n/VivadoProjects/MicroBlazeIP/MicroBlazeIP.runs/synth_1/.Xil/Vivado-12884-DESKTOP-E8T5E0M/realtime/MicroBlazeIP_axi_iic_0_0_stub.v:5]
INFO: [Synth 8-6155] done synthesizing module 'MicroBlazeIP_axi_iic_0_0' (0#1) [C:/Users/redrob1n/VivadoProjects/MicroBlazeIP/MicroBlazeIP.runs/synth_1/.Xil/Vivado-12884-DESKTOP-E8T5E0M/realtime/MicroBlazeIP_axi_iic_0_0_stub.v:5]
WARNING: [Synth 8-7071] port 'iic2intc_irpt' of module 'MicroBlazeIP_axi_iic_0_0' is unconnected for instance 'axi_iic_0' [c:/Users/redrob1n/VivadoProjects/MicroBlazeIP/MicroBlazeIP.gen/sources_1/bd/MicroBlazeIP/synth/MicroBlazeIP.v:381]
WARNING: [Synth 8-7071] port 'gpo' of module 'MicroBlazeIP_axi_iic_0_0' is unconnected for instance 'axi_iic_0' [c:/Users/redrob1n/VivadoProjects/MicroBlazeIP/MicroBlazeIP.gen/sources_1/bd/MicroBlazeIP/synth/MicroBlazeIP.v:381]
WARNING: [Synth 8-7023] instance 'axi_iic_0' of module 'MicroBlazeIP_axi_iic_0_0' has 27 connections declared, but only 25 given [c:/Users/redrob1n/VivadoProjects/MicroBlazeIP/MicroBlazeIP.gen/sources_1/bd/MicroBlazeIP/synth/MicroBlazeIP.v:381]
INFO: [Synth 8-6157] synthesizing module 'MicroBlazeIP_axi_smc_0' [C:/Users/redrob1n/VivadoProjects/MicroBlazeIP/MicroBlazeIP.runs/synth_1/.Xil/Vivado-12884-DESKTOP-E8T5E0M/realtime/MicroBlazeIP_axi_smc_0_stub.v:5]
INFO: [Synth 8-6155] done synthesizing module 'MicroBlazeIP_axi_smc_0' (0#1) [C:/Users/redrob1n/VivadoProjects/MicroBlazeIP/MicroBlazeIP.runs/synth_1/.Xil/Vivado-12884-DESKTOP-E8T5E0M/realtime/MicroBlazeIP_axi_smc_0_stub.v:5]
INFO: [Synth 8-6157] synthesizing module 'MicroBlazeIP_axi_uartlite_0_0' [C:/Users/redrob1n/VivadoProjects/MicroBlazeIP/MicroBlazeIP.runs/synth_1/.Xil/Vivado-12884-DESKTOP-E8T5E0M/realtime/MicroBlazeIP_axi_uartlite_0_0_stub.v:5]
INFO: [Synth 8-6155] done synthesizing module 'MicroBlazeIP_axi_uartlite_0_0' (0#1) [C:/Users/redrob1n/VivadoProjects/MicroBlazeIP/MicroBlazeIP.runs/synth_1/.Xil/Vivado-12884-DESKTOP-E8T5E0M/realtime/MicroBlazeIP_axi_uartlite_0_0_stub.v:5]
WARNING: [Synth 8-7071] port 'interrupt' of module 'MicroBlazeIP_axi_uartlite_0_0' is unconnected for instance 'axi_uartlite_0' [c:/Users/redrob1n/VivadoProjects/MicroBlazeIP/MicroBlazeIP.gen/sources_1/bd/MicroBlazeIP/synth/MicroBlazeIP.v:491]
WARNING: [Synth 8-7023] instance 'axi_uartlite_0' of module 'MicroBlazeIP_axi_uartlite_0_0' has 22 connections declared, but only 21 given [c:/Users/redrob1n/VivadoProjects/MicroBlazeIP/MicroBlazeIP.gen/sources_1/bd/MicroBlazeIP/synth/MicroBlazeIP.v:491]
INFO: [Synth 8-6157] synthesizing module 'MicroBlazeIP_mdm_1_1' [C:/Users/redrob1n/VivadoProjects/MicroBlazeIP/MicroBlazeIP.runs/synth_1/.Xil/Vivado-12884-DESKTOP-E8T5E0M/realtime/MicroBlazeIP_mdm_1_1_stub.v:5]
INFO: [Synth 8-6155] done synthesizing module 'MicroBlazeIP_mdm_1_1' (0#1) [C:/Users/redrob1n/VivadoProjects/MicroBlazeIP/MicroBlazeIP.runs/synth_1/.Xil/Vivado-12884-DESKTOP-E8T5E0M/realtime/MicroBlazeIP_mdm_1_1_stub.v:5]
INFO: [Synth 8-6157] synthesizing module 'MicroBlazeIP_microblaze_0_0' [C:/Users/redrob1n/VivadoProjects/MicroBlazeIP/MicroBlazeIP.runs/synth_1/.Xil/Vivado-12884-DESKTOP-E8T5E0M/realtime/MicroBlazeIP_microblaze_0_0_stub.v:5]
INFO: [Synth 8-6155] done synthesizing module 'MicroBlazeIP_microblaze_0_0' (0#1) [C:/Users/redrob1n/VivadoProjects/MicroBlazeIP/MicroBlazeIP.runs/synth_1/.Xil/Vivado-12884-DESKTOP-E8T5E0M/realtime/MicroBlazeIP_microblaze_0_0_stub.v:5]
WARNING: [Synth 8-7071] port 'Interrupt_Ack' of module 'MicroBlazeIP_microblaze_0_0' is unconnected for instance 'microblaze_0' [c:/Users/redrob1n/VivadoProjects/MicroBlazeIP/MicroBlazeIP.gen/sources_1/bd/MicroBlazeIP/synth/MicroBlazeIP.v:526]
WARNING: [Synth 8-7071] port 'M_AXI_IC_AWID' of module 'MicroBlazeIP_microblaze_0_0' is unconnected for instance 'microblaze_0' [c:/Users/redrob1n/VivadoProjects/MicroBlazeIP/MicroBlazeIP.gen/sources_1/bd/MicroBlazeIP/synth/MicroBlazeIP.v:526]
WARNING: [Synth 8-7071] port 'M_AXI_IC_AWADDR' of module 'MicroBlazeIP_microblaze_0_0' is unconnected for instance 'microblaze_0' [c:/Users/redrob1n/VivadoProjects/MicroBlazeIP/MicroBlazeIP.gen/sources_1/bd/MicroBlazeIP/synth/MicroBlazeIP.v:526]
WARNING: [Synth 8-7071] port 'M_AXI_IC_AWLEN' of module 'MicroBlazeIP_microblaze_0_0' is unconnected for instance 'microblaze_0' [c:/Users/redrob1n/VivadoProjects/MicroBlazeIP/MicroBlazeIP.gen/sources_1/bd/MicroBlazeIP/synth/MicroBlazeIP.v:526]
WARNING: [Synth 8-7071] port 'M_AXI_IC_AWSIZE' of module 'MicroBlazeIP_microblaze_0_0' is unconnected for instance 'microblaze_0' [c:/Users/redrob1n/VivadoProjects/MicroBlazeIP/MicroBlazeIP.gen/sources_1/bd/MicroBlazeIP/synth/MicroBlazeIP.v:526]
WARNING: [Synth 8-7071] port 'M_AXI_IC_AWBURST' of module 'MicroBlazeIP_microblaze_0_0' is unconnected for instance 'microblaze_0' [c:/Users/redrob1n/VivadoProjects/MicroBlazeIP/MicroBlazeIP.gen/sources_1/bd/MicroBlazeIP/synth/MicroBlazeIP.v:526]
WARNING: [Synth 8-7071] port 'M_AXI_IC_AWLOCK' of module 'MicroBlazeIP_microblaze_0_0' is unconnected for instance 'microblaze_0' [c:/Users/redrob1n/VivadoProjects/MicroBlazeIP/MicroBlazeIP.gen/sources_1/bd/MicroBlazeIP/synth/MicroBlazeIP.v:526]
WARNING: [Synth 8-7071] port 'M_AXI_IC_AWCACHE' of module 'MicroBlazeIP_microblaze_0_0' is unconnected for instance 'microblaze_0' [c:/Users/redrob1n/VivadoProjects/MicroBlazeIP/MicroBlazeIP.gen/sources_1/bd/MicroBlazeIP/synth/MicroBlazeIP.v:526]
WARNING: [Synth 8-7071] port 'M_AXI_IC_AWPROT' of module 'MicroBlazeIP_microblaze_0_0' is unconnected for instance 'microblaze_0' [c:/Users/redrob1n/VivadoProjects/MicroBlazeIP/MicroBlazeIP.gen/sources_1/bd/MicroBlazeIP/synth/MicroBlazeIP.v:526]
WARNING: [Synth 8-7071] port 'M_AXI_IC_AWQOS' of module 'MicroBlazeIP_microblaze_0_0' is unconnected for instance 'microblaze_0' [c:/Users/redrob1n/VivadoProjects/MicroBlazeIP/MicroBlazeIP.gen/sources_1/bd/MicroBlazeIP/synth/MicroBlazeIP.v:526]
WARNING: [Synth 8-7071] port 'M_AXI_IC_AWVALID' of module 'MicroBlazeIP_microblaze_0_0' is unconnected for instance 'microblaze_0' [c:/Users/redrob1n/VivadoProjects/MicroBlazeIP/MicroBlazeIP.gen/sources_1/bd/MicroBlazeIP/synth/MicroBlazeIP.v:526]
WARNING: [Synth 8-7071] port 'M_AXI_IC_WDATA' of module 'MicroBlazeIP_microblaze_0_0' is unconnected for instance 'microblaze_0' [c:/Users/redrob1n/VivadoProjects/MicroBlazeIP/MicroBlazeIP.gen/sources_1/bd/MicroBlazeIP/synth/MicroBlazeIP.v:526]
WARNING: [Synth 8-7071] port 'M_AXI_IC_WSTRB' of module 'MicroBlazeIP_microblaze_0_0' is unconnected for instance 'microblaze_0' [c:/Users/redrob1n/VivadoProjects/MicroBlazeIP/MicroBlazeIP.gen/sources_1/bd/MicroBlazeIP/synth/MicroBlazeIP.v:526]
WARNING: [Synth 8-7071] port 'M_AXI_IC_WLAST' of module 'MicroBlazeIP_microblaze_0_0' is unconnected for instance 'microblaze_0' [c:/Users/redrob1n/VivadoProjects/MicroBlazeIP/MicroBlazeIP.gen/sources_1/bd/MicroBlazeIP/synth/MicroBlazeIP.v:526]
WARNING: [Synth 8-7071] port 'M_AXI_IC_WVALID' of module 'MicroBlazeIP_microblaze_0_0' is unconnected for instance 'microblaze_0' [c:/Users/redrob1n/VivadoProjects/MicroBlazeIP/MicroBlazeIP.gen/sources_1/bd/MicroBlazeIP/synth/MicroBlazeIP.v:526]
WARNING: [Synth 8-7071] port 'M_AXI_IC_BREADY' of module 'MicroBlazeIP_microblaze_0_0' is unconnected for instance 'microblaze_0' [c:/Users/redrob1n/VivadoProjects/MicroBlazeIP/MicroBlazeIP.gen/sources_1/bd/MicroBlazeIP/synth/MicroBlazeIP.v:526]
WARNING: [Synth 8-7071] port 'M_AXI_IC_ARID' of module 'MicroBlazeIP_microblaze_0_0' is unconnected for instance 'microblaze_0' [c:/Users/redrob1n/VivadoProjects/MicroBlazeIP/MicroBlazeIP.gen/sources_1/bd/MicroBlazeIP/synth/MicroBlazeIP.v:526]
WARNING: [Synth 8-7071] port 'M_AXI_DC_AWID' of module 'MicroBlazeIP_microblaze_0_0' is unconnected for instance 'microblaze_0' [c:/Users/redrob1n/VivadoProjects/MicroBlazeIP/MicroBlazeIP.gen/sources_1/bd/MicroBlazeIP/synth/MicroBlazeIP.v:526]
WARNING: [Synth 8-7071] port 'M_AXI_DC_ARID' of module 'MicroBlazeIP_microblaze_0_0' is unconnected for instance 'microblaze_0' [c:/Users/redrob1n/VivadoProjects/MicroBlazeIP/MicroBlazeIP.gen/sources_1/bd/MicroBlazeIP/synth/MicroBlazeIP.v:526]
WARNING: [Synth 8-7023] instance 'microblaze_0' of module 'MicroBlazeIP_microblaze_0_0' has 126 connections declared, but only 107 given [c:/Users/redrob1n/VivadoProjects/MicroBlazeIP/MicroBlazeIP.gen/sources_1/bd/MicroBlazeIP/synth/MicroBlazeIP.v:526]
INFO: [Synth 8-6157] synthesizing module 'MicroBlazeIP_microblaze_0_axi_periph_0' [c:/Users/redrob1n/VivadoProjects/MicroBlazeIP/MicroBlazeIP.gen/sources_1/bd/MicroBlazeIP/synth/MicroBlazeIP.v:841]
INFO: [Synth 8-6157] synthesizing module 'm00_couplers_imp_1GJM9S3' [c:/Users/redrob1n/VivadoProjects/MicroBlazeIP/MicroBlazeIP.gen/sources_1/bd/MicroBlazeIP/synth/MicroBlazeIP.v:1693]
INFO: [Synth 8-6155] done synthesizing module 'm00_couplers_imp_1GJM9S3' (0#1) [c:/Users/redrob1n/VivadoProjects/MicroBlazeIP/MicroBlazeIP.gen/sources_1/bd/MicroBlazeIP/synth/MicroBlazeIP.v:1693]
INFO: [Synth 8-6157] synthesizing module 'm01_couplers_imp_1B8WS77' [c:/Users/redrob1n/VivadoProjects/MicroBlazeIP/MicroBlazeIP.gen/sources_1/bd/MicroBlazeIP/synth/MicroBlazeIP.v:1825]
INFO: [Synth 8-6155] done synthesizing module 'm01_couplers_imp_1B8WS77' (0#1) [c:/Users/redrob1n/VivadoProjects/MicroBlazeIP/MicroBlazeIP.gen/sources_1/bd/MicroBlazeIP/synth/MicroBlazeIP.v:1825]
INFO: [Synth 8-6157] synthesizing module 'm02_couplers_imp_14U8X37' [c:/Users/redrob1n/VivadoProjects/MicroBlazeIP/MicroBlazeIP.gen/sources_1/bd/MicroBlazeIP/synth/MicroBlazeIP.v:1957]
INFO: [Synth 8-6155] done synthesizing module 'm02_couplers_imp_14U8X37' (0#1) [c:/Users/redrob1n/VivadoProjects/MicroBlazeIP/MicroBlazeIP.gen/sources_1/bd/MicroBlazeIP/synth/MicroBlazeIP.v:1957]
INFO: [Synth 8-6157] synthesizing module 'm03_couplers_imp_10NH3K3' [c:/Users/redrob1n/VivadoProjects/MicroBlazeIP/MicroBlazeIP.gen/sources_1/bd/MicroBlazeIP/synth/MicroBlazeIP.v:2089]
INFO: [Synth 8-6155] done synthesizing module 'm03_couplers_imp_10NH3K3' (0#1) [c:/Users/redrob1n/VivadoProjects/MicroBlazeIP/MicroBlazeIP.gen/sources_1/bd/MicroBlazeIP/synth/MicroBlazeIP.v:2089]
INFO: [Synth 8-6157] synthesizing module 'm04_couplers_imp_1QN0IKJ' [c:/Users/redrob1n/VivadoProjects/MicroBlazeIP/MicroBlazeIP.gen/sources_1/bd/MicroBlazeIP/synth/MicroBlazeIP.v:2221]
INFO: [Synth 8-6155] done synthesizing module 'm04_couplers_imp_1QN0IKJ' (0#1) [c:/Users/redrob1n/VivadoProjects/MicroBlazeIP/MicroBlazeIP.gen/sources_1/bd/MicroBlazeIP/synth/MicroBlazeIP.v:2221]
INFO: [Synth 8-6157] synthesizing module 's00_couplers_imp_18GHZV4' [c:/Users/redrob1n/VivadoProjects/MicroBlazeIP/MicroBlazeIP.gen/sources_1/bd/MicroBlazeIP/synth/MicroBlazeIP.v:2601]
INFO: [Synth 8-6155] done synthesizing module 's00_couplers_imp_18GHZV4' (0#1) [c:/Users/redrob1n/VivadoProjects/MicroBlazeIP/MicroBlazeIP.gen/sources_1/bd/MicroBlazeIP/synth/MicroBlazeIP.v:2601]
INFO: [Synth 8-6157] synthesizing module 'MicroBlazeIP_xbar_0' [C:/Users/redrob1n/VivadoProjects/MicroBlazeIP/MicroBlazeIP.runs/synth_1/.Xil/Vivado-12884-DESKTOP-E8T5E0M/realtime/MicroBlazeIP_xbar_0_stub.v:5]
INFO: [Synth 8-6155] done synthesizing module 'MicroBlazeIP_xbar_0' (0#1) [C:/Users/redrob1n/VivadoProjects/MicroBlazeIP/MicroBlazeIP.runs/synth_1/.Xil/Vivado-12884-DESKTOP-E8T5E0M/realtime/MicroBlazeIP_xbar_0_stub.v:5]
INFO: [Synth 8-6155] done synthesizing module 'MicroBlazeIP_microblaze_0_axi_periph_0' (0#1) [c:/Users/redrob1n/VivadoProjects/MicroBlazeIP/MicroBlazeIP.gen/sources_1/bd/MicroBlazeIP/synth/MicroBlazeIP.v:841]
WARNING: [Synth 8-7071] port 'M04_AXI_araddr' of module 'MicroBlazeIP_microblaze_0_axi_periph_0' is unconnected for instance 'microblaze_0_axi_periph' [c:/Users/redrob1n/VivadoProjects/MicroBlazeIP/MicroBlazeIP.gen/sources_1/bd/MicroBlazeIP/synth/MicroBlazeIP.v:634]
WARNING: [Synth 8-7071] port 'M04_AXI_arprot' of module 'MicroBlazeIP_microblaze_0_axi_periph_0' is unconnected for instance 'microblaze_0_axi_periph' [c:/Users/redrob1n/VivadoProjects/MicroBlazeIP/MicroBlazeIP.gen/sources_1/bd/MicroBlazeIP/synth/MicroBlazeIP.v:634]
WARNING: [Synth 8-7071] port 'M04_AXI_arvalid' of module 'MicroBlazeIP_microblaze_0_axi_periph_0' is unconnected for instance 'microblaze_0_axi_periph' [c:/Users/redrob1n/VivadoProjects/MicroBlazeIP/MicroBlazeIP.gen/sources_1/bd/MicroBlazeIP/synth/MicroBlazeIP.v:634]
WARNING: [Synth 8-7071] port 'M04_AXI_awaddr' of module 'MicroBlazeIP_microblaze_0_axi_periph_0' is unconnected for instance 'microblaze_0_axi_periph' [c:/Users/redrob1n/VivadoProjects/MicroBlazeIP/MicroBlazeIP.gen/sources_1/bd/MicroBlazeIP/synth/MicroBlazeIP.v:634]
WARNING: [Synth 8-7071] port 'M04_AXI_awprot' of module 'MicroBlazeIP_microblaze_0_axi_periph_0' is unconnected for instance 'microblaze_0_axi_periph' [c:/Users/redrob1n/VivadoProjects/MicroBlazeIP/MicroBlazeIP.gen/sources_1/bd/MicroBlazeIP/synth/MicroBlazeIP.v:634]
WARNING: [Synth 8-7071] port 'M04_AXI_awvalid' of module 'MicroBlazeIP_microblaze_0_axi_periph_0' is unconnected for instance 'microblaze_0_axi_periph' [c:/Users/redrob1n/VivadoProjects/MicroBlazeIP/MicroBlazeIP.gen/sources_1/bd/MicroBlazeIP/synth/MicroBlazeIP.v:634]
WARNING: [Synth 8-7071] port 'M04_AXI_bready' of module 'MicroBlazeIP_microblaze_0_axi_periph_0' is unconnected for instance 'microblaze_0_axi_periph' [c:/Users/redrob1n/VivadoProjects/MicroBlazeIP/MicroBlazeIP.gen/sources_1/bd/MicroBlazeIP/synth/MicroBlazeIP.v:634]
WARNING: [Synth 8-7071] port 'M04_AXI_rready' of module 'MicroBlazeIP_microblaze_0_axi_periph_0' is unconnected for instance 'microblaze_0_axi_periph' [c:/Users/redrob1n/VivadoProjects/MicroBlazeIP/MicroBlazeIP.gen/sources_1/bd/MicroBlazeIP/synth/MicroBlazeIP.v:634]
WARNING: [Synth 8-7071] port 'M04_AXI_wdata' of module 'MicroBlazeIP_microblaze_0_axi_periph_0' is unconnected for instance 'microblaze_0_axi_periph' [c:/Users/redrob1n/VivadoProjects/MicroBlazeIP/MicroBlazeIP.gen/sources_1/bd/MicroBlazeIP/synth/MicroBlazeIP.v:634]
WARNING: [Synth 8-7071] port 'M04_AXI_wstrb' of module 'MicroBlazeIP_microblaze_0_axi_periph_0' is unconnected for instance 'microblaze_0_axi_periph' [c:/Users/redrob1n/VivadoProjects/MicroBlazeIP/MicroBlazeIP.gen/sources_1/bd/MicroBlazeIP/synth/MicroBlazeIP.v:634]
WARNING: [Synth 8-7071] port 'M04_AXI_wvalid' of module 'MicroBlazeIP_microblaze_0_axi_periph_0' is unconnected for instance 'microblaze_0_axi_periph' [c:/Users/redrob1n/VivadoProjects/MicroBlazeIP/MicroBlazeIP.gen/sources_1/bd/MicroBlazeIP/synth/MicroBlazeIP.v:634]
WARNING: [Synth 8-7023] instance 'microblaze_0_axi_periph' of module 'MicroBlazeIP_microblaze_0_axi_periph_0' has 120 connections declared, but only 109 given [c:/Users/redrob1n/VivadoProjects/MicroBlazeIP/MicroBlazeIP.gen/sources_1/bd/MicroBlazeIP/synth/MicroBlazeIP.v:634]
INFO: [Synth 8-6157] synthesizing module 'microblaze_0_local_memory_imp_L6FAEK' [c:/Users/redrob1n/VivadoProjects/MicroBlazeIP/MicroBlazeIP.gen/sources_1/bd/MicroBlazeIP/synth/MicroBlazeIP.v:2367]
INFO: [Synth 8-6157] synthesizing module 'MicroBlazeIP_dlmb_bram_if_cntlr_1' [C:/Users/redrob1n/VivadoProjects/MicroBlazeIP/MicroBlazeIP.runs/synth_1/.Xil/Vivado-12884-DESKTOP-E8T5E0M/realtime/MicroBlazeIP_dlmb_bram_if_cntlr_1_stub.v:5]
INFO: [Synth 8-6155] done synthesizing module 'MicroBlazeIP_dlmb_bram_if_cntlr_1' (0#1) [C:/Users/redrob1n/VivadoProjects/MicroBlazeIP/MicroBlazeIP.runs/synth_1/.Xil/Vivado-12884-DESKTOP-E8T5E0M/realtime/MicroBlazeIP_dlmb_bram_if_cntlr_1_stub.v:5]
INFO: [Synth 8-6157] synthesizing module 'MicroBlazeIP_dlmb_v10_1' [C:/Users/redrob1n/VivadoProjects/MicroBlazeIP/MicroBlazeIP.runs/synth_1/.Xil/Vivado-12884-DESKTOP-E8T5E0M/realtime/MicroBlazeIP_dlmb_v10_1_stub.v:5]
INFO: [Synth 8-6155] done synthesizing module 'MicroBlazeIP_dlmb_v10_1' (0#1) [C:/Users/redrob1n/VivadoProjects/MicroBlazeIP/MicroBlazeIP.runs/synth_1/.Xil/Vivado-12884-DESKTOP-E8T5E0M/realtime/MicroBlazeIP_dlmb_v10_1_stub.v:5]
WARNING: [Synth 8-7071] port 'LMB_Rst' of module 'MicroBlazeIP_dlmb_v10_1' is unconnected for instance 'dlmb_v10' [c:/Users/redrob1n/VivadoProjects/MicroBlazeIP/MicroBlazeIP.gen/sources_1/bd/MicroBlazeIP/synth/MicroBlazeIP.v:2513]
WARNING: [Synth 8-7023] instance 'dlmb_v10' of module 'MicroBlazeIP_dlmb_v10_1' has 25 connections declared, but only 24 given [c:/Users/redrob1n/VivadoProjects/MicroBlazeIP/MicroBlazeIP.gen/sources_1/bd/MicroBlazeIP/synth/MicroBlazeIP.v:2513]
INFO: [Synth 8-6157] synthesizing module 'MicroBlazeIP_ilmb_bram_if_cntlr_1' [C:/Users/redrob1n/VivadoProjects/MicroBlazeIP/MicroBlazeIP.runs/synth_1/.Xil/Vivado-12884-DESKTOP-E8T5E0M/realtime/MicroBlazeIP_ilmb_bram_if_cntlr_1_stub.v:5]
INFO: [Synth 8-6155] done synthesizing module 'MicroBlazeIP_ilmb_bram_if_cntlr_1' (0#1) [C:/Users/redrob1n/VivadoProjects/MicroBlazeIP/MicroBlazeIP.runs/synth_1/.Xil/Vivado-12884-DESKTOP-E8T5E0M/realtime/MicroBlazeIP_ilmb_bram_if_cntlr_1_stub.v:5]
INFO: [Synth 8-6157] synthesizing module 'MicroBlazeIP_ilmb_v10_1' [C:/Users/redrob1n/VivadoProjects/MicroBlazeIP/MicroBlazeIP.runs/synth_1/.Xil/Vivado-12884-DESKTOP-E8T5E0M/realtime/MicroBlazeIP_ilmb_v10_1_stub.v:5]
INFO: [Synth 8-6155] done synthesizing module 'MicroBlazeIP_ilmb_v10_1' (0#1) [C:/Users/redrob1n/VivadoProjects/MicroBlazeIP/MicroBlazeIP.runs/synth_1/.Xil/Vivado-12884-DESKTOP-E8T5E0M/realtime/MicroBlazeIP_ilmb_v10_1_stub.v:5]
WARNING: [Synth 8-7071] port 'LMB_Rst' of module 'MicroBlazeIP_ilmb_v10_1' is unconnected for instance 'ilmb_v10' [c:/Users/redrob1n/VivadoProjects/MicroBlazeIP/MicroBlazeIP.gen/sources_1/bd/MicroBlazeIP/synth/MicroBlazeIP.v:2559]
WARNING: [Synth 8-7023] instance 'ilmb_v10' of module 'MicroBlazeIP_ilmb_v10_1' has 25 connections declared, but only 24 given [c:/Users/redrob1n/VivadoProjects/MicroBlazeIP/MicroBlazeIP.gen/sources_1/bd/MicroBlazeIP/synth/MicroBlazeIP.v:2559]
INFO: [Synth 8-6157] synthesizing module 'MicroBlazeIP_lmb_bram_1' [C:/Users/redrob1n/VivadoProjects/MicroBlazeIP/MicroBlazeIP.runs/synth_1/.Xil/Vivado-12884-DESKTOP-E8T5E0M/realtime/MicroBlazeIP_lmb_bram_1_stub.v:5]
INFO: [Synth 8-6155] done synthesizing module 'MicroBlazeIP_lmb_bram_1' (0#1) [C:/Users/redrob1n/VivadoProjects/MicroBlazeIP/MicroBlazeIP.runs/synth_1/.Xil/Vivado-12884-DESKTOP-E8T5E0M/realtime/MicroBlazeIP_lmb_bram_1_stub.v:5]
WARNING: [Synth 8-7071] port 'rsta_busy' of module 'MicroBlazeIP_lmb_bram_1' is unconnected for instance 'lmb_bram' [c:/Users/redrob1n/VivadoProjects/MicroBlazeIP/MicroBlazeIP.gen/sources_1/bd/MicroBlazeIP/synth/MicroBlazeIP.v:2584]
WARNING: [Synth 8-7071] port 'rstb_busy' of module 'MicroBlazeIP_lmb_bram_1' is unconnected for instance 'lmb_bram' [c:/Users/redrob1n/VivadoProjects/MicroBlazeIP/MicroBlazeIP.gen/sources_1/bd/MicroBlazeIP/synth/MicroBlazeIP.v:2584]
WARNING: [Synth 8-7023] instance 'lmb_bram' of module 'MicroBlazeIP_lmb_bram_1' has 16 connections declared, but only 14 given [c:/Users/redrob1n/VivadoProjects/MicroBlazeIP/MicroBlazeIP.gen/sources_1/bd/MicroBlazeIP/synth/MicroBlazeIP.v:2584]
INFO: [Synth 8-6155] done synthesizing module 'microblaze_0_local_memory_imp_L6FAEK' (0#1) [c:/Users/redrob1n/VivadoProjects/MicroBlazeIP/MicroBlazeIP.gen/sources_1/bd/MicroBlazeIP/synth/MicroBlazeIP.v:2367]
INFO: [Synth 8-6157] synthesizing module 'MicroBlazeIP_mig_7series_0_0' [C:/Users/redrob1n/VivadoProjects/MicroBlazeIP/MicroBlazeIP.runs/synth_1/.Xil/Vivado-12884-DESKTOP-E8T5E0M/realtime/MicroBlazeIP_mig_7series_0_0_stub.v:5]
INFO: [Synth 8-6155] done synthesizing module 'MicroBlazeIP_mig_7series_0_0' (0#1) [C:/Users/redrob1n/VivadoProjects/MicroBlazeIP/MicroBlazeIP.runs/synth_1/.Xil/Vivado-12884-DESKTOP-E8T5E0M/realtime/MicroBlazeIP_mig_7series_0_0_stub.v:5]
WARNING: [Synth 8-7071] port 'ui_addn_clk_1' of module 'MicroBlazeIP_mig_7series_0_0' is unconnected for instance 'mig_7series_0' [c:/Users/redrob1n/VivadoProjects/MicroBlazeIP/MicroBlazeIP.gen/sources_1/bd/MicroBlazeIP/synth/MicroBlazeIP.v:766]
WARNING: [Synth 8-7071] port 'ui_addn_clk_2' of module 'MicroBlazeIP_mig_7series_0_0' is unconnected for instance 'mig_7series_0' [c:/Users/redrob1n/VivadoProjects/MicroBlazeIP/MicroBlazeIP.gen/sources_1/bd/MicroBlazeIP/synth/MicroBlazeIP.v:766]
WARNING: [Synth 8-7071] port 'ui_addn_clk_3' of module 'MicroBlazeIP_mig_7series_0_0' is unconnected for instance 'mig_7series_0' [c:/Users/redrob1n/VivadoProjects/MicroBlazeIP/MicroBlazeIP.gen/sources_1/bd/MicroBlazeIP/synth/MicroBlazeIP.v:766]
WARNING: [Synth 8-7071] port 'ui_addn_clk_4' of module 'MicroBlazeIP_mig_7series_0_0' is unconnected for instance 'mig_7series_0' [c:/Users/redrob1n/VivadoProjects/MicroBlazeIP/MicroBlazeIP.gen/sources_1/bd/MicroBlazeIP/synth/MicroBlazeIP.v:766]
WARNING: [Synth 8-7071] port 'app_sr_active' of module 'MicroBlazeIP_mig_7series_0_0' is unconnected for instance 'mig_7series_0' [c:/Users/redrob1n/VivadoProjects/MicroBlazeIP/MicroBlazeIP.gen/sources_1/bd/MicroBlazeIP/synth/MicroBlazeIP.v:766]
WARNING: [Synth 8-7071] port 'app_ref_ack' of module 'MicroBlazeIP_mig_7series_0_0' is unconnected for instance 'mig_7series_0' [c:/Users/redrob1n/VivadoProjects/MicroBlazeIP/MicroBlazeIP.gen/sources_1/bd/MicroBlazeIP/synth/MicroBlazeIP.v:766]
WARNING: [Synth 8-7071] port 'app_zq_ack' of module 'MicroBlazeIP_mig_7series_0_0' is unconnected for instance 'mig_7series_0' [c:/Users/redrob1n/VivadoProjects/MicroBlazeIP/MicroBlazeIP.gen/sources_1/bd/MicroBlazeIP/synth/MicroBlazeIP.v:766]
WARNING: [Synth 8-7071] port 's_axi_bid' of module 'MicroBlazeIP_mig_7series_0_0' is unconnected for instance 'mig_7series_0' [c:/Users/redrob1n/VivadoProjects/MicroBlazeIP/MicroBlazeIP.gen/sources_1/bd/MicroBlazeIP/synth/MicroBlazeIP.v:766]
WARNING: [Synth 8-7071] port 's_axi_rid' of module 'MicroBlazeIP_mig_7series_0_0' is unconnected for instance 'mig_7series_0' [c:/Users/redrob1n/VivadoProjects/MicroBlazeIP/MicroBlazeIP.gen/sources_1/bd/MicroBlazeIP/synth/MicroBlazeIP.v:766]
WARNING: [Synth 8-7071] port 'init_calib_complete' of module 'MicroBlazeIP_mig_7series_0_0' is unconnected for instance 'mig_7series_0' [c:/Users/redrob1n/VivadoProjects/MicroBlazeIP/MicroBlazeIP.gen/sources_1/bd/MicroBlazeIP/synth/MicroBlazeIP.v:766]
WARNING: [Synth 8-7071] port 'device_temp' of module 'MicroBlazeIP_mig_7series_0_0' is unconnected for instance 'mig_7series_0' [c:/Users/redrob1n/VivadoProjects/MicroBlazeIP/MicroBlazeIP.gen/sources_1/bd/MicroBlazeIP/synth/MicroBlazeIP.v:766]
WARNING: [Synth 8-7023] instance 'mig_7series_0' of module 'MicroBlazeIP_mig_7series_0_0' has 69 connections declared, but only 58 given [c:/Users/redrob1n/VivadoProjects/MicroBlazeIP/MicroBlazeIP.gen/sources_1/bd/MicroBlazeIP/synth/MicroBlazeIP.v:766]
INFO: [Synth 8-6157] synthesizing module 'MicroBlazeIP_pwm_gen_0_0' [C:/Users/redrob1n/VivadoProjects/MicroBlazeIP/MicroBlazeIP.runs/synth_1/.Xil/Vivado-12884-DESKTOP-E8T5E0M/realtime/MicroBlazeIP_pwm_gen_0_0_stub.v:5]
INFO: [Synth 8-6155] done synthesizing module 'MicroBlazeIP_pwm_gen_0_0' (0#1) [C:/Users/redrob1n/VivadoProjects/MicroBlazeIP/MicroBlazeIP.runs/synth_1/.Xil/Vivado-12884-DESKTOP-E8T5E0M/realtime/MicroBlazeIP_pwm_gen_0_0_stub.v:5]
INFO: [Synth 8-6157] synthesizing module 'MicroBlazeIP_rst_mig_7series_0_81M_0' [C:/Users/redrob1n/VivadoProjects/MicroBlazeIP/MicroBlazeIP.runs/synth_1/.Xil/Vivado-12884-DESKTOP-E8T5E0M/realtime/MicroBlazeIP_rst_mig_7series_0_81M_0_stub.v:5]
INFO: [Synth 8-6155] done synthesizing module 'MicroBlazeIP_rst_mig_7series_0_81M_0' (0#1) [C:/Users/redrob1n/VivadoProjects/MicroBlazeIP/MicroBlazeIP.runs/synth_1/.Xil/Vivado-12884-DESKTOP-E8T5E0M/realtime/MicroBlazeIP_rst_mig_7series_0_81M_0_stub.v:5]
WARNING: [Synth 8-7071] port 'peripheral_reset' of module 'MicroBlazeIP_rst_mig_7series_0_81M_0' is unconnected for instance 'rst_mig_7series_0_81M' [c:/Users/redrob1n/VivadoProjects/MicroBlazeIP/MicroBlazeIP.gen/sources_1/bd/MicroBlazeIP/synth/MicroBlazeIP.v:830]
WARNING: [Synth 8-7071] port 'interconnect_aresetn' of module 'MicroBlazeIP_rst_mig_7series_0_81M_0' is unconnected for instance 'rst_mig_7series_0_81M' [c:/Users/redrob1n/VivadoProjects/MicroBlazeIP/MicroBlazeIP.gen/sources_1/bd/MicroBlazeIP/synth/MicroBlazeIP.v:830]
WARNING: [Synth 8-7023] instance 'rst_mig_7series_0_81M' of module 'MicroBlazeIP_rst_mig_7series_0_81M_0' has 10 connections declared, but only 8 given [c:/Users/redrob1n/VivadoProjects/MicroBlazeIP/MicroBlazeIP.gen/sources_1/bd/MicroBlazeIP/synth/MicroBlazeIP.v:830]
INFO: [Synth 8-6155] done synthesizing module 'MicroBlazeIP' (0#1) [c:/Users/redrob1n/VivadoProjects/MicroBlazeIP/MicroBlazeIP.gen/sources_1/bd/MicroBlazeIP/synth/MicroBlazeIP.v:12]
INFO: [Synth 8-6157] synthesizing module 'IOBUF' [C:/Xilinx/Vivado/2022.1/scripts/rt/data/unisim_comp.v:59734]
INFO: [Synth 8-6155] done synthesizing module 'IOBUF' (0#1) [C:/Xilinx/Vivado/2022.1/scripts/rt/data/unisim_comp.v:59734]
INFO: [Synth 8-6155] done synthesizing module 'MicroBlazeIP_wrapper' (0#1) [C:/Users/redrob1n/VivadoProjects/MicroBlazeIP/MicroBlazeIP.gen/sources_1/bd/MicroBlazeIP/hdl/MicroBlazeIP_wrapper.v:12]
WARNING: [Synth 8-7129] Port M_ACLK in module s00_couplers_imp_18GHZV4 is either unconnected or has no load
WARNING: [Synth 8-7129] Port M_ARESETN in module s00_couplers_imp_18GHZV4 is either unconnected or has no load
WARNING: [Synth 8-7129] Port S_ACLK in module s00_couplers_imp_18GHZV4 is either unconnected or has no load
WARNING: [Synth 8-7129] Port S_ARESETN in module s00_couplers_imp_18GHZV4 is either unconnected or has no load
WARNING: [Synth 8-7129] Port M_ACLK in module m04_couplers_imp_1QN0IKJ is either unconnected or has no load
WARNING: [Synth 8-7129] Port M_ARESETN in module m04_couplers_imp_1QN0IKJ is either unconnected or has no load
WARNING: [Synth 8-7129] Port S_ACLK in module m04_couplers_imp_1QN0IKJ is either unconnected or has no load
WARNING: [Synth 8-7129] Port S_ARESETN in module m04_couplers_imp_1QN0IKJ is either unconnected or has no load
WARNING: [Synth 8-7129] Port M_ACLK in module m03_couplers_imp_10NH3K3 is either unconnected or has no load
WARNING: [Synth 8-7129] Port M_ARESETN in module m03_couplers_imp_10NH3K3 is either unconnected or has no load
WARNING: [Synth 8-7129] Port S_ACLK in module m03_couplers_imp_10NH3K3 is either unconnected or has no load
WARNING: [Synth 8-7129] Port S_ARESETN in module m03_couplers_imp_10NH3K3 is either unconnected or has no load
WARNING: [Synth 8-7129] Port M_ACLK in module m02_couplers_imp_14U8X37 is either unconnected or has no load
WARNING: [Synth 8-7129] Port M_ARESETN in module m02_couplers_imp_14U8X37 is either unconnected or has no load
WARNING: [Synth 8-7129] Port S_ACLK in module m02_couplers_imp_14U8X37 is either unconnected or has no load
WARNING: [Synth 8-7129] Port S_ARESETN in module m02_couplers_imp_14U8X37 is either unconnected or has no load
WARNING: [Synth 8-7129] Port M_ACLK in module m01_couplers_imp_1B8WS77 is either unconnected or has no load
WARNING: [Synth 8-7129] Port M_ARESETN in module m01_couplers_imp_1B8WS77 is either unconnected or has no load
WARNING: [Synth 8-7129] Port S_ACLK in module m01_couplers_imp_1B8WS77 is either unconnected or has no load
WARNING: [Synth 8-7129] Port S_ARESETN in module m01_couplers_imp_1B8WS77 is either unconnected or has no load
WARNING: [Synth 8-7129] Port M_ACLK in module m00_couplers_imp_1GJM9S3 is either unconnected or has no load
WARNING: [Synth 8-7129] Port M_ARESETN in module m00_couplers_imp_1GJM9S3 is either unconnected or has no load
WARNING: [Synth 8-7129] Port S_ACLK in module m00_couplers_imp_1GJM9S3 is either unconnected or has no load
WARNING: [Synth 8-7129] Port S_ARESETN in module m00_couplers_imp_1GJM9S3 is either unconnected or has no load
WARNING: [Synth 8-7129] Port M00_ACLK in module MicroBlazeIP_microblaze_0_axi_periph_0 is either unconnected or has no load
WARNING: [Synth 8-7129] Port M00_ARESETN in module MicroBlazeIP_microblaze_0_axi_periph_0 is either unconnected or has no load
WARNING: [Synth 8-7129] Port M01_ACLK in module MicroBlazeIP_microblaze_0_axi_periph_0 is either unconnected or has no load
WARNING: [Synth 8-7129] Port M01_ARESETN in module MicroBlazeIP_microblaze_0_axi_periph_0 is either unconnected or has no load
WARNING: [Synth 8-7129] Port M02_ACLK in module MicroBlazeIP_microblaze_0_axi_periph_0 is either unconnected or has no load
WARNING: [Synth 8-7129] Port M02_ARESETN in module MicroBlazeIP_microblaze_0_axi_periph_0 is either unconnected or has no load
WARNING: [Synth 8-7129] Port M03_ACLK in module MicroBlazeIP_microblaze_0_axi_periph_0 is either unconnected or has no load
WARNING: [Synth 8-7129] Port M03_ARESETN in module MicroBlazeIP_microblaze_0_axi_periph_0 is either unconnected or has no load
WARNING: [Synth 8-7129] Port M04_ACLK in module MicroBlazeIP_microblaze_0_axi_periph_0 is either unconnected or has no load
WARNING: [Synth 8-7129] Port M04_ARESETN in module MicroBlazeIP_microblaze_0_axi_periph_0 is either unconnected or has no load
WARNING: [Synth 8-7129] Port S00_ACLK in module MicroBlazeIP_microblaze_0_axi_periph_0 is either unconnected or has no load
WARNING: [Synth 8-7129] Port S00_ARESETN in module MicroBlazeIP_microblaze_0_axi_periph_0 is either unconnected or has no load
---------------------------------------------------------------------------------
Finished RTL Elaboration : Time (s): cpu = 00:00:07 ; elapsed = 00:00:06 . Memory (MB): peak = 1715.281 ; gain = 80.102
---------------------------------------------------------------------------------
---------------------------------------------------------------------------------
Start Handling Custom Attributes
---------------------------------------------------------------------------------
---------------------------------------------------------------------------------
Finished Handling Custom Attributes : Time (s): cpu = 00:00:07 ; elapsed = 00:00:07 . Memory (MB): peak = 1715.281 ; gain = 80.102
---------------------------------------------------------------------------------
---------------------------------------------------------------------------------
Finished RTL Optimization Phase 1 : Time (s): cpu = 00:00:07 ; elapsed = 00:00:07 . Memory (MB): peak = 1715.281 ; gain = 80.102
---------------------------------------------------------------------------------
Netlist sorting complete. Time (s): cpu = 00:00:00 ; elapsed = 00:00:00.048 . Memory (MB): peak = 1715.281 ; gain = 0.000
INFO: [Netlist 29-17] Analyzing 6 Unisim elements for replacement
INFO: [Netlist 29-28] Unisim Transformation completed in 0 CPU seconds
INFO: [Project 1-570] Preparing netlist for logic optimization

Processing XDC Constraints
Initializing timing engine
Parsing XDC File [c:/Users/redrob1n/VivadoProjects/MicroBlazeIP/MicroBlazeIP.gen/sources_1/bd/MicroBlazeIP/ip/MicroBlazeIP_microblaze_0_0/MicroBlazeIP_microblaze_0_0/MicroBlazeIP_microblaze_0_0_in_context.xdc] for cell 'MicroBlazeIP_i/microblaze_0'
Finished Parsing XDC File [c:/Users/redrob1n/VivadoProjects/MicroBlazeIP/MicroBlazeIP.gen/sources_1/bd/MicroBlazeIP/ip/MicroBlazeIP_microblaze_0_0/MicroBlazeIP_microblaze_0_0/MicroBlazeIP_microblaze_0_0_in_context.xdc] for cell 'MicroBlazeIP_i/microblaze_0'
Parsing XDC File [c:/Users/redrob1n/VivadoProjects/MicroBlazeIP/MicroBlazeIP.gen/sources_1/bd/MicroBlazeIP/ip/MicroBlazeIP_mig_7series_0_0/MicroBlazeIP_mig_7series_0_0/MicroBlazeIP_mig_7series_0_0_in_context.xdc] for cell 'MicroBlazeIP_i/mig_7series_0'
Finished Parsing XDC File [c:/Users/redrob1n/VivadoProjects/MicroBlazeIP/MicroBlazeIP.gen/sources_1/bd/MicroBlazeIP/ip/MicroBlazeIP_mig_7series_0_0/MicroBlazeIP_mig_7series_0_0/MicroBlazeIP_mig_7series_0_0_in_context.xdc] for cell 'MicroBlazeIP_i/mig_7series_0'
Parsing XDC File [c:/Users/redrob1n/VivadoProjects/MicroBlazeIP/MicroBlazeIP.gen/sources_1/bd/MicroBlazeIP/ip/MicroBlazeIP_dlmb_v10_1/MicroBlazeIP_dlmb_v10_1/MicroBlazeIP_ilmb_v10_1_in_context.xdc] for cell 'MicroBlazeIP_i/microblaze_0_local_memory/dlmb_v10'
Finished Parsing XDC File [c:/Users/redrob1n/VivadoProjects/MicroBlazeIP/MicroBlazeIP.gen/sources_1/bd/MicroBlazeIP/ip/MicroBlazeIP_dlmb_v10_1/MicroBlazeIP_dlmb_v10_1/MicroBlazeIP_ilmb_v10_1_in_context.xdc] for cell 'MicroBlazeIP_i/microblaze_0_local_memory/dlmb_v10'
Parsing XDC File [c:/Users/redrob1n/VivadoProjects/MicroBlazeIP/MicroBlazeIP.gen/sources_1/bd/MicroBlazeIP/ip/MicroBlazeIP_ilmb_v10_1/MicroBlazeIP_ilmb_v10_1/MicroBlazeIP_ilmb_v10_1_in_context.xdc] for cell 'MicroBlazeIP_i/microblaze_0_local_memory/ilmb_v10'
Finished Parsing XDC File [c:/Users/redrob1n/VivadoProjects/MicroBlazeIP/MicroBlazeIP.gen/sources_1/bd/MicroBlazeIP/ip/MicroBlazeIP_ilmb_v10_1/MicroBlazeIP_ilmb_v10_1/MicroBlazeIP_ilmb_v10_1_in_context.xdc] for cell 'MicroBlazeIP_i/microblaze_0_local_memory/ilmb_v10'
Parsing XDC File [c:/Users/redrob1n/VivadoProjects/MicroBlazeIP/MicroBlazeIP.gen/sources_1/bd/MicroBlazeIP/ip/MicroBlazeIP_dlmb_bram_if_cntlr_1/MicroBlazeIP_dlmb_bram_if_cntlr_1/MicroBlazeIP_dlmb_bram_if_cntlr_1_in_context.xdc] for cell 'MicroBlazeIP_i/microblaze_0_local_memory/dlmb_bram_if_cntlr'
Finished Parsing XDC File [c:/Users/redrob1n/VivadoProjects/MicroBlazeIP/MicroBlazeIP.gen/sources_1/bd/MicroBlazeIP/ip/MicroBlazeIP_dlmb_bram_if_cntlr_1/MicroBlazeIP_dlmb_bram_if_cntlr_1/MicroBlazeIP_dlmb_bram_if_cntlr_1_in_context.xdc] for cell 'MicroBlazeIP_i/microblaze_0_local_memory/dlmb_bram_if_cntlr'
Parsing XDC File [c:/Users/redrob1n/VivadoProjects/MicroBlazeIP/MicroBlazeIP.gen/sources_1/bd/MicroBlazeIP/ip/MicroBlazeIP_ilmb_bram_if_cntlr_1/MicroBlazeIP_ilmb_bram_if_cntlr_1/MicroBlazeIP_ilmb_bram_if_cntlr_1_in_context.xdc] for cell 'MicroBlazeIP_i/microblaze_0_local_memory/ilmb_bram_if_cntlr'
Finished Parsing XDC File [c:/Users/redrob1n/VivadoProjects/MicroBlazeIP/MicroBlazeIP.gen/sources_1/bd/MicroBlazeIP/ip/MicroBlazeIP_ilmb_bram_if_cntlr_1/MicroBlazeIP_ilmb_bram_if_cntlr_1/MicroBlazeIP_ilmb_bram_if_cntlr_1_in_context.xdc] for cell 'MicroBlazeIP_i/microblaze_0_local_memory/ilmb_bram_if_cntlr'
Parsing XDC File [c:/Users/redrob1n/VivadoProjects/MicroBlazeIP/MicroBlazeIP.gen/sources_1/bd/MicroBlazeIP/ip/MicroBlazeIP_lmb_bram_1/MicroBlazeIP_lmb_bram_1/MicroBlazeIP_lmb_bram_1_in_context.xdc] for cell 'MicroBlazeIP_i/microblaze_0_local_memory/lmb_bram'
Finished Parsing XDC File [c:/Users/redrob1n/VivadoProjects/MicroBlazeIP/MicroBlazeIP.gen/sources_1/bd/MicroBlazeIP/ip/MicroBlazeIP_lmb_bram_1/MicroBlazeIP_lmb_bram_1/MicroBlazeIP_lmb_bram_1_in_context.xdc] for cell 'MicroBlazeIP_i/microblaze_0_local_memory/lmb_bram'
Parsing XDC File [c:/Users/redrob1n/VivadoProjects/MicroBlazeIP/MicroBlazeIP.gen/sources_1/bd/MicroBlazeIP/ip/MicroBlazeIP_mdm_1_1/MicroBlazeIP_mdm_1_1/MicroBlazeIP_mdm_1_1_in_context.xdc] for cell 'MicroBlazeIP_i/mdm_1'
Finished Parsing XDC File [c:/Users/redrob1n/VivadoProjects/MicroBlazeIP/MicroBlazeIP.gen/sources_1/bd/MicroBlazeIP/ip/MicroBlazeIP_mdm_1_1/MicroBlazeIP_mdm_1_1/MicroBlazeIP_mdm_1_1_in_context.xdc] for cell 'MicroBlazeIP_i/mdm_1'
Parsing XDC File [c:/Users/redrob1n/VivadoProjects/MicroBlazeIP/MicroBlazeIP.gen/sources_1/bd/MicroBlazeIP/ip/MicroBlazeIP_rst_mig_7series_0_81M_0/MicroBlazeIP_rst_mig_7series_0_81M_0/MicroBlazeIP_rst_mig_7series_0_81M_0_in_context.xdc] for cell 'MicroBlazeIP_i/rst_mig_7series_0_81M'
Finished Parsing XDC File [c:/Users/redrob1n/VivadoProjects/MicroBlazeIP/MicroBlazeIP.gen/sources_1/bd/MicroBlazeIP/ip/MicroBlazeIP_rst_mig_7series_0_81M_0/MicroBlazeIP_rst_mig_7series_0_81M_0/MicroBlazeIP_rst_mig_7series_0_81M_0_in_context.xdc] for cell 'MicroBlazeIP_i/rst_mig_7series_0_81M'
Parsing XDC File [c:/Users/redrob1n/VivadoProjects/MicroBlazeIP/MicroBlazeIP.gen/sources_1/bd/MicroBlazeIP/ip/MicroBlazeIP_axi_smc_0/MicroBlazeIP_axi_smc_0/MicroBlazeIP_axi_smc_0_in_context.xdc] for cell 'MicroBlazeIP_i/axi_smc'
Finished Parsing XDC File [c:/Users/redrob1n/VivadoProjects/MicroBlazeIP/MicroBlazeIP.gen/sources_1/bd/MicroBlazeIP/ip/MicroBlazeIP_axi_smc_0/MicroBlazeIP_axi_smc_0/MicroBlazeIP_axi_smc_0_in_context.xdc] for cell 'MicroBlazeIP_i/axi_smc'
Parsing XDC File [c:/Users/redrob1n/VivadoProjects/MicroBlazeIP/MicroBlazeIP.gen/sources_1/bd/MicroBlazeIP/ip/MicroBlazeIP_axi_uartlite_0_0/MicroBlazeIP_axi_uartlite_0_0/MicroBlazeIP_axi_uartlite_0_0_in_context.xdc] for cell 'MicroBlazeIP_i/axi_uartlite_0'
Finished Parsing XDC File [c:/Users/redrob1n/VivadoProjects/MicroBlazeIP/MicroBlazeIP.gen/sources_1/bd/MicroBlazeIP/ip/MicroBlazeIP_axi_uartlite_0_0/MicroBlazeIP_axi_uartlite_0_0/MicroBlazeIP_axi_uartlite_0_0_in_context.xdc] for cell 'MicroBlazeIP_i/axi_uartlite_0'
Parsing XDC File [c:/Users/redrob1n/VivadoProjects/MicroBlazeIP/MicroBlazeIP.gen/sources_1/bd/MicroBlazeIP/ip/MicroBlazeIP_xbar_0/MicroBlazeIP_xbar_0/MicroBlazeIP_xbar_0_in_context.xdc] for cell 'MicroBlazeIP_i/microblaze_0_axi_periph/xbar'
Finished Parsing XDC File [c:/Users/redrob1n/VivadoProjects/MicroBlazeIP/MicroBlazeIP.gen/sources_1/bd/MicroBlazeIP/ip/MicroBlazeIP_xbar_0/MicroBlazeIP_xbar_0/MicroBlazeIP_xbar_0_in_context.xdc] for cell 'MicroBlazeIP_i/microblaze_0_axi_periph/xbar'
Parsing XDC File [c:/Users/redrob1n/VivadoProjects/MicroBlazeIP/MicroBlazeIP.gen/sources_1/bd/MicroBlazeIP/ip/MicroBlazeIP_axi_gpio_0_2/MicroBlazeIP_axi_gpio_0_2/MicroBlazeIP_axi_gpio_0_2_in_context.xdc] for cell 'MicroBlazeIP_i/AXI_GPIO_LED'
Finished Parsing XDC File [c:/Users/redrob1n/VivadoProjects/MicroBlazeIP/MicroBlazeIP.gen/sources_1/bd/MicroBlazeIP/ip/MicroBlazeIP_axi_gpio_0_2/MicroBlazeIP_axi_gpio_0_2/MicroBlazeIP_axi_gpio_0_2_in_context.xdc] for cell 'MicroBlazeIP_i/AXI_GPIO_LED'
Parsing XDC File [c:/Users/redrob1n/VivadoProjects/MicroBlazeIP/MicroBlazeIP.gen/sources_1/bd/MicroBlazeIP/ip/MicroBlazeIP_axi_gpio_0_3/MicroBlazeIP_axi_gpio_0_3/MicroBlazeIP_axi_gpio_0_3_in_context.xdc] for cell 'MicroBlazeIP_i/AXI_GPIO_BUTTONS'
Finished Parsing XDC File [c:/Users/redrob1n/VivadoProjects/MicroBlazeIP/MicroBlazeIP.gen/sources_1/bd/MicroBlazeIP/ip/MicroBlazeIP_axi_gpio_0_3/MicroBlazeIP_axi_gpio_0_3/MicroBlazeIP_axi_gpio_0_3_in_context.xdc] for cell 'MicroBlazeIP_i/AXI_GPIO_BUTTONS'
Parsing XDC File [c:/Users/redrob1n/VivadoProjects/MicroBlazeIP/MicroBlazeIP.gen/sources_1/bd/MicroBlazeIP/ip/MicroBlazeIP_axi_iic_0_0/MicroBlazeIP_axi_iic_0_0/MicroBlazeIP_axi_iic_0_0_in_context.xdc] for cell 'MicroBlazeIP_i/axi_iic_0'
Finished Parsing XDC File [c:/Users/redrob1n/VivadoProjects/MicroBlazeIP/MicroBlazeIP.gen/sources_1/bd/MicroBlazeIP/ip/MicroBlazeIP_axi_iic_0_0/MicroBlazeIP_axi_iic_0_0/MicroBlazeIP_axi_iic_0_0_in_context.xdc] for cell 'MicroBlazeIP_i/axi_iic_0'
Parsing XDC File [c:/Users/redrob1n/VivadoProjects/MicroBlazeIP/MicroBlazeIP.gen/sources_1/bd/MicroBlazeIP/ip/MicroBlazeIP_pwm_gen_0_0/MicroBlazeIP_pwm_gen_0_0/MicroBlazeIP_pwm_gen_0_0_in_context.xdc] for cell 'MicroBlazeIP_i/pwm_gen_0'
Finished Parsing XDC File [c:/Users/redrob1n/VivadoProjects/MicroBlazeIP/MicroBlazeIP.gen/sources_1/bd/MicroBlazeIP/ip/MicroBlazeIP_pwm_gen_0_0/MicroBlazeIP_pwm_gen_0_0/MicroBlazeIP_pwm_gen_0_0_in_context.xdc] for cell 'MicroBlazeIP_i/pwm_gen_0'
Parsing XDC File [C:/Users/redrob1n/Downloads/digilent-xdc-master/digilent-xdc-master/Arty-A7-100-Master.xdc]
Finished Parsing XDC File [C:/Users/redrob1n/Downloads/digilent-xdc-master/digilent-xdc-master/Arty-A7-100-Master.xdc]
INFO: [Project 1-236] Implementation specific constraints were found while reading constraint file [C:/Users/redrob1n/Downloads/digilent-xdc-master/digilent-xdc-master/Arty-A7-100-Master.xdc]. These constraints will be ignored for synthesis but will be used in implementation. Impacted constraints are listed in the file [.Xil/MicroBlazeIP_wrapper_propImpl.xdc].
Resolution: To avoid this warning, move constraints listed in [.Xil/MicroBlazeIP_wrapper_propImpl.xdc] to another XDC file and exclude this new file from synthesis with the used_in_synthesis property (File Properties dialog in GUI) and re-run elaboration/synthesis.
Parsing XDC File [C:/Users/redrob1n/VivadoProjects/MicroBlazeIP/MicroBlazeIP.runs/synth_1/dont_touch.xdc]
Finished Parsing XDC File [C:/Users/redrob1n/VivadoProjects/MicroBlazeIP/MicroBlazeIP.runs/synth_1/dont_touch.xdc]
Completed Processing XDC Constraints

Netlist sorting complete. Time (s): cpu = 00:00:00 ; elapsed = 00:00:00 . Memory (MB): peak = 1727.848 ; gain = 0.000
INFO: [Project 1-111] Unisim Transformation Summary:
  A total of 6 instances were transformed.
  IOBUF => IOBUF (IBUF, OBUFT): 6 instances

Constraint Validation Runtime : Time (s): cpu = 00:00:00 ; elapsed = 00:00:00.007 . Memory (MB): peak = 1727.848 ; gain = 0.000
WARNING: [Timing 38-316] Clock period '20.000' specified during out-of-context synthesis of instance 'MicroBlazeIP_i/microblaze_0_local_memory/lmb_bram' at clock pin 'clka' is different from the actual clock period '12.308', this can lead to different synthesis results.
INFO: [Designutils 20-5440] No compile time benefit to using incremental synthesis; A full resynthesis will be run
INFO: [Designutils 20-4379] Flow is switching to default flow due to incremental criteria not met. If you would like to alter this behaviour and have the flow terminate instead, please set the following parameter config_implementation {autoIncr.Synth.RejectBehavior Terminate}
---------------------------------------------------------------------------------
Finished Constraint Validation : Time (s): cpu = 00:00:13 ; elapsed = 00:00:14 . Memory (MB): peak = 1731.238 ; gain = 96.059
---------------------------------------------------------------------------------
---------------------------------------------------------------------------------
Start Loading Part and Timing Information
---------------------------------------------------------------------------------
Loading part: xc7a100tcsg324-1
---------------------------------------------------------------------------------
Finished Loading Part and Timing Information : Time (s): cpu = 00:00:13 ; elapsed = 00:00:14 . Memory (MB): peak = 1731.238 ; gain = 96.059
---------------------------------------------------------------------------------
---------------------------------------------------------------------------------
Start Applying 'set_property' XDC Constraints
---------------------------------------------------------------------------------
Applied set_property IO_BUFFER_TYPE = NONE for ddr3_sdram_addr[0]. (constraint file  c:/Users/redrob1n/VivadoProjects/MicroBlazeIP/MicroBlazeIP.gen/sources_1/bd/MicroBlazeIP/ip/MicroBlazeIP_mig_7series_0_0/MicroBlazeIP_mig_7series_0_0/MicroBlazeIP_mig_7series_0_0_in_context.xdc, line 8).
Applied set_property CLOCK_BUFFER_TYPE = NONE for ddr3_sdram_addr[0]. (constraint file  c:/Users/redrob1n/VivadoProjects/MicroBlazeIP/MicroBlazeIP.gen/sources_1/bd/MicroBlazeIP/ip/MicroBlazeIP_mig_7series_0_0/MicroBlazeIP_mig_7series_0_0/MicroBlazeIP_mig_7series_0_0_in_context.xdc, line 9).
Applied set_property IO_BUFFER_TYPE = NONE for ddr3_sdram_addr[10]. (constraint file  c:/Users/redrob1n/VivadoProjects/MicroBlazeIP/MicroBlazeIP.gen/sources_1/bd/MicroBlazeIP/ip/MicroBlazeIP_mig_7series_0_0/MicroBlazeIP_mig_7series_0_0/MicroBlazeIP_mig_7series_0_0_in_context.xdc, line 10).
Applied set_property CLOCK_BUFFER_TYPE = NONE for ddr3_sdram_addr[10]. (constraint file  c:/Users/redrob1n/VivadoProjects/MicroBlazeIP/MicroBlazeIP.gen/sources_1/bd/MicroBlazeIP/ip/MicroBlazeIP_mig_7series_0_0/MicroBlazeIP_mig_7series_0_0/MicroBlazeIP_mig_7series_0_0_in_context.xdc, line 11).
Applied set_property IO_BUFFER_TYPE = NONE for ddr3_sdram_addr[11]. (constraint file  c:/Users/redrob1n/VivadoProjects/MicroBlazeIP/MicroBlazeIP.gen/sources_1/bd/MicroBlazeIP/ip/MicroBlazeIP_mig_7series_0_0/MicroBlazeIP_mig_7series_0_0/MicroBlazeIP_mig_7series_0_0_in_context.xdc, line 12).
Applied set_property CLOCK_BUFFER_TYPE = NONE for ddr3_sdram_addr[11]. (constraint file  c:/Users/redrob1n/VivadoProjects/MicroBlazeIP/MicroBlazeIP.gen/sources_1/bd/MicroBlazeIP/ip/MicroBlazeIP_mig_7series_0_0/MicroBlazeIP_mig_7series_0_0/MicroBlazeIP_mig_7series_0_0_in_context.xdc, line 13).
Applied set_property IO_BUFFER_TYPE = NONE for ddr3_sdram_addr[12]. (constraint file  c:/Users/redrob1n/VivadoProjects/MicroBlazeIP/MicroBlazeIP.gen/sources_1/bd/MicroBlazeIP/ip/MicroBlazeIP_mig_7series_0_0/MicroBlazeIP_mig_7series_0_0/MicroBlazeIP_mig_7series_0_0_in_context.xdc, line 14).
Applied set_property CLOCK_BUFFER_TYPE = NONE for ddr3_sdram_addr[12]. (constraint file  c:/Users/redrob1n/VivadoProjects/MicroBlazeIP/MicroBlazeIP.gen/sources_1/bd/MicroBlazeIP/ip/MicroBlazeIP_mig_7series_0_0/MicroBlazeIP_mig_7series_0_0/MicroBlazeIP_mig_7series_0_0_in_context.xdc, line 15).
Applied set_property IO_BUFFER_TYPE = NONE for ddr3_sdram_addr[13]. (constraint file  c:/Users/redrob1n/VivadoProjects/MicroBlazeIP/MicroBlazeIP.gen/sources_1/bd/MicroBlazeIP/ip/MicroBlazeIP_mig_7series_0_0/MicroBlazeIP_mig_7series_0_0/MicroBlazeIP_mig_7series_0_0_in_context.xdc, line 16).
Applied set_property CLOCK_BUFFER_TYPE = NONE for ddr3_sdram_addr[13]. (constraint file  c:/Users/redrob1n/VivadoProjects/MicroBlazeIP/MicroBlazeIP.gen/sources_1/bd/MicroBlazeIP/ip/MicroBlazeIP_mig_7series_0_0/MicroBlazeIP_mig_7series_0_0/MicroBlazeIP_mig_7series_0_0_in_context.xdc, line 17).
Applied set_property IO_BUFFER_TYPE = NONE for ddr3_sdram_addr[1]. (constraint file  c:/Users/redrob1n/VivadoProjects/MicroBlazeIP/MicroBlazeIP.gen/sources_1/bd/MicroBlazeIP/ip/MicroBlazeIP_mig_7series_0_0/MicroBlazeIP_mig_7series_0_0/MicroBlazeIP_mig_7series_0_0_in_context.xdc, line 18).
Applied set_property CLOCK_BUFFER_TYPE = NONE for ddr3_sdram_addr[1]. (constraint file  c:/Users/redrob1n/VivadoProjects/MicroBlazeIP/MicroBlazeIP.gen/sources_1/bd/MicroBlazeIP/ip/MicroBlazeIP_mig_7series_0_0/MicroBlazeIP_mig_7series_0_0/MicroBlazeIP_mig_7series_0_0_in_context.xdc, line 19).
Applied set_property IO_BUFFER_TYPE = NONE for ddr3_sdram_addr[2]. (constraint file  c:/Users/redrob1n/VivadoProjects/MicroBlazeIP/MicroBlazeIP.gen/sources_1/bd/MicroBlazeIP/ip/MicroBlazeIP_mig_7series_0_0/MicroBlazeIP_mig_7series_0_0/MicroBlazeIP_mig_7series_0_0_in_context.xdc, line 20).
Applied set_property CLOCK_BUFFER_TYPE = NONE for ddr3_sdram_addr[2]. (constraint file  c:/Users/redrob1n/VivadoProjects/MicroBlazeIP/MicroBlazeIP.gen/sources_1/bd/MicroBlazeIP/ip/MicroBlazeIP_mig_7series_0_0/MicroBlazeIP_mig_7series_0_0/MicroBlazeIP_mig_7series_0_0_in_context.xdc, line 21).
Applied set_property IO_BUFFER_TYPE = NONE for ddr3_sdram_addr[3]. (constraint file  c:/Users/redrob1n/VivadoProjects/MicroBlazeIP/MicroBlazeIP.gen/sources_1/bd/MicroBlazeIP/ip/MicroBlazeIP_mig_7series_0_0/MicroBlazeIP_mig_7series_0_0/MicroBlazeIP_mig_7series_0_0_in_context.xdc, line 22).
Applied set_property CLOCK_BUFFER_TYPE = NONE for ddr3_sdram_addr[3]. (constraint file  c:/Users/redrob1n/VivadoProjects/MicroBlazeIP/MicroBlazeIP.gen/sources_1/bd/MicroBlazeIP/ip/MicroBlazeIP_mig_7series_0_0/MicroBlazeIP_mig_7series_0_0/MicroBlazeIP_mig_7series_0_0_in_context.xdc, line 23).
Applied set_property IO_BUFFER_TYPE = NONE for ddr3_sdram_addr[4]. (constraint file  c:/Users/redrob1n/VivadoProjects/MicroBlazeIP/MicroBlazeIP.gen/sources_1/bd/MicroBlazeIP/ip/MicroBlazeIP_mig_7series_0_0/MicroBlazeIP_mig_7series_0_0/MicroBlazeIP_mig_7series_0_0_in_context.xdc, line 24).
Applied set_property CLOCK_BUFFER_TYPE = NONE for ddr3_sdram_addr[4]. (constraint file  c:/Users/redrob1n/VivadoProjects/MicroBlazeIP/MicroBlazeIP.gen/sources_1/bd/MicroBlazeIP/ip/MicroBlazeIP_mig_7series_0_0/MicroBlazeIP_mig_7series_0_0/MicroBlazeIP_mig_7series_0_0_in_context.xdc, line 25).
Applied set_property IO_BUFFER_TYPE = NONE for ddr3_sdram_addr[5]. (constraint file  c:/Users/redrob1n/VivadoProjects/MicroBlazeIP/MicroBlazeIP.gen/sources_1/bd/MicroBlazeIP/ip/MicroBlazeIP_mig_7series_0_0/MicroBlazeIP_mig_7series_0_0/MicroBlazeIP_mig_7series_0_0_in_context.xdc, line 26).
Applied set_property CLOCK_BUFFER_TYPE = NONE for ddr3_sdram_addr[5]. (constraint file  c:/Users/redrob1n/VivadoProjects/MicroBlazeIP/MicroBlazeIP.gen/sources_1/bd/MicroBlazeIP/ip/MicroBlazeIP_mig_7series_0_0/MicroBlazeIP_mig_7series_0_0/MicroBlazeIP_mig_7series_0_0_in_context.xdc, line 27).
Applied set_property IO_BUFFER_TYPE = NONE for ddr3_sdram_addr[6]. (constraint file  c:/Users/redrob1n/VivadoProjects/MicroBlazeIP/MicroBlazeIP.gen/sources_1/bd/MicroBlazeIP/ip/MicroBlazeIP_mig_7series_0_0/MicroBlazeIP_mig_7series_0_0/MicroBlazeIP_mig_7series_0_0_in_context.xdc, line 28).
Applied set_property CLOCK_BUFFER_TYPE = NONE for ddr3_sdram_addr[6]. (constraint file  c:/Users/redrob1n/VivadoProjects/MicroBlazeIP/MicroBlazeIP.gen/sources_1/bd/MicroBlazeIP/ip/MicroBlazeIP_mig_7series_0_0/MicroBlazeIP_mig_7series_0_0/MicroBlazeIP_mig_7series_0_0_in_context.xdc, line 29).
Applied set_property IO_BUFFER_TYPE = NONE for ddr3_sdram_addr[7]. (constraint file  c:/Users/redrob1n/VivadoProjects/MicroBlazeIP/MicroBlazeIP.gen/sources_1/bd/MicroBlazeIP/ip/MicroBlazeIP_mig_7series_0_0/MicroBlazeIP_mig_7series_0_0/MicroBlazeIP_mig_7series_0_0_in_context.xdc, line 30).
Applied set_property CLOCK_BUFFER_TYPE = NONE for ddr3_sdram_addr[7]. (constraint file  c:/Users/redrob1n/VivadoProjects/MicroBlazeIP/MicroBlazeIP.gen/sources_1/bd/MicroBlazeIP/ip/MicroBlazeIP_mig_7series_0_0/MicroBlazeIP_mig_7series_0_0/MicroBlazeIP_mig_7series_0_0_in_context.xdc, line 31).
Applied set_property IO_BUFFER_TYPE = NONE for ddr3_sdram_addr[8]. (constraint file  c:/Users/redrob1n/VivadoProjects/MicroBlazeIP/MicroBlazeIP.gen/sources_1/bd/MicroBlazeIP/ip/MicroBlazeIP_mig_7series_0_0/MicroBlazeIP_mig_7series_0_0/MicroBlazeIP_mig_7series_0_0_in_context.xdc, line 32).
Applied set_property CLOCK_BUFFER_TYPE = NONE for ddr3_sdram_addr[8]. (constraint file  c:/Users/redrob1n/VivadoProjects/MicroBlazeIP/MicroBlazeIP.gen/sources_1/bd/MicroBlazeIP/ip/MicroBlazeIP_mig_7series_0_0/MicroBlazeIP_mig_7series_0_0/MicroBlazeIP_mig_7series_0_0_in_context.xdc, line 33).
Applied set_property IO_BUFFER_TYPE = NONE for ddr3_sdram_addr[9]. (constraint file  c:/Users/redrob1n/VivadoProjects/MicroBlazeIP/MicroBlazeIP.gen/sources_1/bd/MicroBlazeIP/ip/MicroBlazeIP_mig_7series_0_0/MicroBlazeIP_mig_7series_0_0/MicroBlazeIP_mig_7series_0_0_in_context.xdc, line 34).
Applied set_property CLOCK_BUFFER_TYPE = NONE for ddr3_sdram_addr[9]. (constraint file  c:/Users/redrob1n/VivadoProjects/MicroBlazeIP/MicroBlazeIP.gen/sources_1/bd/MicroBlazeIP/ip/MicroBlazeIP_mig_7series_0_0/MicroBlazeIP_mig_7series_0_0/MicroBlazeIP_mig_7series_0_0_in_context.xdc, line 35).
Applied set_property IO_BUFFER_TYPE = NONE for ddr3_sdram_ba[0]. (constraint file  c:/Users/redrob1n/VivadoProjects/MicroBlazeIP/MicroBlazeIP.gen/sources_1/bd/MicroBlazeIP/ip/MicroBlazeIP_mig_7series_0_0/MicroBlazeIP_mig_7series_0_0/MicroBlazeIP_mig_7series_0_0_in_context.xdc, line 36).
Applied set_property CLOCK_BUFFER_TYPE = NONE for ddr3_sdram_ba[0]. (constraint file  c:/Users/redrob1n/VivadoProjects/MicroBlazeIP/MicroBlazeIP.gen/sources_1/bd/MicroBlazeIP/ip/MicroBlazeIP_mig_7series_0_0/MicroBlazeIP_mig_7series_0_0/MicroBlazeIP_mig_7series_0_0_in_context.xdc, line 37).
Applied set_property IO_BUFFER_TYPE = NONE for ddr3_sdram_ba[1]. (constraint file  c:/Users/redrob1n/VivadoProjects/MicroBlazeIP/MicroBlazeIP.gen/sources_1/bd/MicroBlazeIP/ip/MicroBlazeIP_mig_7series_0_0/MicroBlazeIP_mig_7series_0_0/MicroBlazeIP_mig_7series_0_0_in_context.xdc, line 38).
Applied set_property CLOCK_BUFFER_TYPE = NONE for ddr3_sdram_ba[1]. (constraint file  c:/Users/redrob1n/VivadoProjects/MicroBlazeIP/MicroBlazeIP.gen/sources_1/bd/MicroBlazeIP/ip/MicroBlazeIP_mig_7series_0_0/MicroBlazeIP_mig_7series_0_0/MicroBlazeIP_mig_7series_0_0_in_context.xdc, line 39).
Applied set_property IO_BUFFER_TYPE = NONE for ddr3_sdram_ba[2]. (constraint file  c:/Users/redrob1n/VivadoProjects/MicroBlazeIP/MicroBlazeIP.gen/sources_1/bd/MicroBlazeIP/ip/MicroBlazeIP_mig_7series_0_0/MicroBlazeIP_mig_7series_0_0/MicroBlazeIP_mig_7series_0_0_in_context.xdc, line 40).
Applied set_property CLOCK_BUFFER_TYPE = NONE for ddr3_sdram_ba[2]. (constraint file  c:/Users/redrob1n/VivadoProjects/MicroBlazeIP/MicroBlazeIP.gen/sources_1/bd/MicroBlazeIP/ip/MicroBlazeIP_mig_7series_0_0/MicroBlazeIP_mig_7series_0_0/MicroBlazeIP_mig_7series_0_0_in_context.xdc, line 41).
Applied set_property IO_BUFFER_TYPE = NONE for ddr3_sdram_cas_n. (constraint file  c:/Users/redrob1n/VivadoProjects/MicroBlazeIP/MicroBlazeIP.gen/sources_1/bd/MicroBlazeIP/ip/MicroBlazeIP_mig_7series_0_0/MicroBlazeIP_mig_7series_0_0/MicroBlazeIP_mig_7series_0_0_in_context.xdc, line 42).
Applied set_property CLOCK_BUFFER_TYPE = NONE for ddr3_sdram_cas_n. (constraint file  c:/Users/redrob1n/VivadoProjects/MicroBlazeIP/MicroBlazeIP.gen/sources_1/bd/MicroBlazeIP/ip/MicroBlazeIP_mig_7series_0_0/MicroBlazeIP_mig_7series_0_0/MicroBlazeIP_mig_7series_0_0_in_context.xdc, line 43).
Applied set_property IO_BUFFER_TYPE = NONE for ddr3_sdram_ck_n[0]. (constraint file  c:/Users/redrob1n/VivadoProjects/MicroBlazeIP/MicroBlazeIP.gen/sources_1/bd/MicroBlazeIP/ip/MicroBlazeIP_mig_7series_0_0/MicroBlazeIP_mig_7series_0_0/MicroBlazeIP_mig_7series_0_0_in_context.xdc, line 44).
Applied set_property CLOCK_BUFFER_TYPE = NONE for ddr3_sdram_ck_n[0]. (constraint file  c:/Users/redrob1n/VivadoProjects/MicroBlazeIP/MicroBlazeIP.gen/sources_1/bd/MicroBlazeIP/ip/MicroBlazeIP_mig_7series_0_0/MicroBlazeIP_mig_7series_0_0/MicroBlazeIP_mig_7series_0_0_in_context.xdc, line 45).
Applied set_property IO_BUFFER_TYPE = NONE for ddr3_sdram_ck_p[0]. (constraint file  c:/Users/redrob1n/VivadoProjects/MicroBlazeIP/MicroBlazeIP.gen/sources_1/bd/MicroBlazeIP/ip/MicroBlazeIP_mig_7series_0_0/MicroBlazeIP_mig_7series_0_0/MicroBlazeIP_mig_7series_0_0_in_context.xdc, line 46).
Applied set_property CLOCK_BUFFER_TYPE = NONE for ddr3_sdram_ck_p[0]. (constraint file  c:/Users/redrob1n/VivadoProjects/MicroBlazeIP/MicroBlazeIP.gen/sources_1/bd/MicroBlazeIP/ip/MicroBlazeIP_mig_7series_0_0/MicroBlazeIP_mig_7series_0_0/MicroBlazeIP_mig_7series_0_0_in_context.xdc, line 47).
Applied set_property IO_BUFFER_TYPE = NONE for ddr3_sdram_cke[0]. (constraint file  c:/Users/redrob1n/VivadoProjects/MicroBlazeIP/MicroBlazeIP.gen/sources_1/bd/MicroBlazeIP/ip/MicroBlazeIP_mig_7series_0_0/MicroBlazeIP_mig_7series_0_0/MicroBlazeIP_mig_7series_0_0_in_context.xdc, line 48).
Applied set_property CLOCK_BUFFER_TYPE = NONE for ddr3_sdram_cke[0]. (constraint file  c:/Users/redrob1n/VivadoProjects/MicroBlazeIP/MicroBlazeIP.gen/sources_1/bd/MicroBlazeIP/ip/MicroBlazeIP_mig_7series_0_0/MicroBlazeIP_mig_7series_0_0/MicroBlazeIP_mig_7series_0_0_in_context.xdc, line 49).
Applied set_property IO_BUFFER_TYPE = NONE for ddr3_sdram_cs_n[0]. (constraint file  c:/Users/redrob1n/VivadoProjects/MicroBlazeIP/MicroBlazeIP.gen/sources_1/bd/MicroBlazeIP/ip/MicroBlazeIP_mig_7series_0_0/MicroBlazeIP_mig_7series_0_0/MicroBlazeIP_mig_7series_0_0_in_context.xdc, line 50).
Applied set_property CLOCK_BUFFER_TYPE = NONE for ddr3_sdram_cs_n[0]. (constraint file  c:/Users/redrob1n/VivadoProjects/MicroBlazeIP/MicroBlazeIP.gen/sources_1/bd/MicroBlazeIP/ip/MicroBlazeIP_mig_7series_0_0/MicroBlazeIP_mig_7series_0_0/MicroBlazeIP_mig_7series_0_0_in_context.xdc, line 51).
Applied set_property IO_BUFFER_TYPE = NONE for ddr3_sdram_dm[0]. (constraint file  c:/Users/redrob1n/VivadoProjects/MicroBlazeIP/MicroBlazeIP.gen/sources_1/bd/MicroBlazeIP/ip/MicroBlazeIP_mig_7series_0_0/MicroBlazeIP_mig_7series_0_0/MicroBlazeIP_mig_7series_0_0_in_context.xdc, line 52).
Applied set_property CLOCK_BUFFER_TYPE = NONE for ddr3_sdram_dm[0]. (constraint file  c:/Users/redrob1n/VivadoProjects/MicroBlazeIP/MicroBlazeIP.gen/sources_1/bd/MicroBlazeIP/ip/MicroBlazeIP_mig_7series_0_0/MicroBlazeIP_mig_7series_0_0/MicroBlazeIP_mig_7series_0_0_in_context.xdc, line 53).
Applied set_property IO_BUFFER_TYPE = NONE for ddr3_sdram_dm[1]. (constraint file  c:/Users/redrob1n/VivadoProjects/MicroBlazeIP/MicroBlazeIP.gen/sources_1/bd/MicroBlazeIP/ip/MicroBlazeIP_mig_7series_0_0/MicroBlazeIP_mig_7series_0_0/MicroBlazeIP_mig_7series_0_0_in_context.xdc, line 54).
Applied set_property CLOCK_BUFFER_TYPE = NONE for ddr3_sdram_dm[1]. (constraint file  c:/Users/redrob1n/VivadoProjects/MicroBlazeIP/MicroBlazeIP.gen/sources_1/bd/MicroBlazeIP/ip/MicroBlazeIP_mig_7series_0_0/MicroBlazeIP_mig_7series_0_0/MicroBlazeIP_mig_7series_0_0_in_context.xdc, line 55).
Applied set_property IO_BUFFER_TYPE = NONE for ddr3_sdram_dq[0]. (constraint file  c:/Users/redrob1n/VivadoProjects/MicroBlazeIP/MicroBlazeIP.gen/sources_1/bd/MicroBlazeIP/ip/MicroBlazeIP_mig_7series_0_0/MicroBlazeIP_mig_7series_0_0/MicroBlazeIP_mig_7series_0_0_in_context.xdc, line 56).
Applied set_property CLOCK_BUFFER_TYPE = NONE for ddr3_sdram_dq[0]. (constraint file  c:/Users/redrob1n/VivadoProjects/MicroBlazeIP/MicroBlazeIP.gen/sources_1/bd/MicroBlazeIP/ip/MicroBlazeIP_mig_7series_0_0/MicroBlazeIP_mig_7series_0_0/MicroBlazeIP_mig_7series_0_0_in_context.xdc, line 57).
Applied set_property IO_BUFFER_TYPE = NONE for ddr3_sdram_dq[10]. (constraint file  c:/Users/redrob1n/VivadoProjects/MicroBlazeIP/MicroBlazeIP.gen/sources_1/bd/MicroBlazeIP/ip/MicroBlazeIP_mig_7series_0_0/MicroBlazeIP_mig_7series_0_0/MicroBlazeIP_mig_7series_0_0_in_context.xdc, line 58).
Applied set_property CLOCK_BUFFER_TYPE = NONE for ddr3_sdram_dq[10]. (constraint file  c:/Users/redrob1n/VivadoProjects/MicroBlazeIP/MicroBlazeIP.gen/sources_1/bd/MicroBlazeIP/ip/MicroBlazeIP_mig_7series_0_0/MicroBlazeIP_mig_7series_0_0/MicroBlazeIP_mig_7series_0_0_in_context.xdc, line 59).
Applied set_property IO_BUFFER_TYPE = NONE for ddr3_sdram_dq[11]. (constraint file  c:/Users/redrob1n/VivadoProjects/MicroBlazeIP/MicroBlazeIP.gen/sources_1/bd/MicroBlazeIP/ip/MicroBlazeIP_mig_7series_0_0/MicroBlazeIP_mig_7series_0_0/MicroBlazeIP_mig_7series_0_0_in_context.xdc, line 60).
Applied set_property CLOCK_BUFFER_TYPE = NONE for ddr3_sdram_dq[11]. (constraint file  c:/Users/redrob1n/VivadoProjects/MicroBlazeIP/MicroBlazeIP.gen/sources_1/bd/MicroBlazeIP/ip/MicroBlazeIP_mig_7series_0_0/MicroBlazeIP_mig_7series_0_0/MicroBlazeIP_mig_7series_0_0_in_context.xdc, line 61).
Applied set_property IO_BUFFER_TYPE = NONE for ddr3_sdram_dq[12]. (constraint file  c:/Users/redrob1n/VivadoProjects/MicroBlazeIP/MicroBlazeIP.gen/sources_1/bd/MicroBlazeIP/ip/MicroBlazeIP_mig_7series_0_0/MicroBlazeIP_mig_7series_0_0/MicroBlazeIP_mig_7series_0_0_in_context.xdc, line 62).
Applied set_property CLOCK_BUFFER_TYPE = NONE for ddr3_sdram_dq[12]. (constraint file  c:/Users/redrob1n/VivadoProjects/MicroBlazeIP/MicroBlazeIP.gen/sources_1/bd/MicroBlazeIP/ip/MicroBlazeIP_mig_7series_0_0/MicroBlazeIP_mig_7series_0_0/MicroBlazeIP_mig_7series_0_0_in_context.xdc, line 63).
Applied set_property IO_BUFFER_TYPE = NONE for ddr3_sdram_dq[13]. (constraint file  c:/Users/redrob1n/VivadoProjects/MicroBlazeIP/MicroBlazeIP.gen/sources_1/bd/MicroBlazeIP/ip/MicroBlazeIP_mig_7series_0_0/MicroBlazeIP_mig_7series_0_0/MicroBlazeIP_mig_7series_0_0_in_context.xdc, line 64).
Applied set_property CLOCK_BUFFER_TYPE = NONE for ddr3_sdram_dq[13]. (constraint file  c:/Users/redrob1n/VivadoProjects/MicroBlazeIP/MicroBlazeIP.gen/sources_1/bd/MicroBlazeIP/ip/MicroBlazeIP_mig_7series_0_0/MicroBlazeIP_mig_7series_0_0/MicroBlazeIP_mig_7series_0_0_in_context.xdc, line 65).
Applied set_property IO_BUFFER_TYPE = NONE for ddr3_sdram_dq[14]. (constraint file  c:/Users/redrob1n/VivadoProjects/MicroBlazeIP/MicroBlazeIP.gen/sources_1/bd/MicroBlazeIP/ip/MicroBlazeIP_mig_7series_0_0/MicroBlazeIP_mig_7series_0_0/MicroBlazeIP_mig_7series_0_0_in_context.xdc, line 66).
Applied set_property CLOCK_BUFFER_TYPE = NONE for ddr3_sdram_dq[14]. (constraint file  c:/Users/redrob1n/VivadoProjects/MicroBlazeIP/MicroBlazeIP.gen/sources_1/bd/MicroBlazeIP/ip/MicroBlazeIP_mig_7series_0_0/MicroBlazeIP_mig_7series_0_0/MicroBlazeIP_mig_7series_0_0_in_context.xdc, line 67).
Applied set_property IO_BUFFER_TYPE = NONE for ddr3_sdram_dq[15]. (constraint file  c:/Users/redrob1n/VivadoProjects/MicroBlazeIP/MicroBlazeIP.gen/sources_1/bd/MicroBlazeIP/ip/MicroBlazeIP_mig_7series_0_0/MicroBlazeIP_mig_7series_0_0/MicroBlazeIP_mig_7series_0_0_in_context.xdc, line 68).
Applied set_property CLOCK_BUFFER_TYPE = NONE for ddr3_sdram_dq[15]. (constraint file  c:/Users/redrob1n/VivadoProjects/MicroBlazeIP/MicroBlazeIP.gen/sources_1/bd/MicroBlazeIP/ip/MicroBlazeIP_mig_7series_0_0/MicroBlazeIP_mig_7series_0_0/MicroBlazeIP_mig_7series_0_0_in_context.xdc, line 69).
Applied set_property IO_BUFFER_TYPE = NONE for ddr3_sdram_dq[1]. (constraint file  c:/Users/redrob1n/VivadoProjects/MicroBlazeIP/MicroBlazeIP.gen/sources_1/bd/MicroBlazeIP/ip/MicroBlazeIP_mig_7series_0_0/MicroBlazeIP_mig_7series_0_0/MicroBlazeIP_mig_7series_0_0_in_context.xdc, line 70).
Applied set_property CLOCK_BUFFER_TYPE = NONE for ddr3_sdram_dq[1]. (constraint file  c:/Users/redrob1n/VivadoProjects/MicroBlazeIP/MicroBlazeIP.gen/sources_1/bd/MicroBlazeIP/ip/MicroBlazeIP_mig_7series_0_0/MicroBlazeIP_mig_7series_0_0/MicroBlazeIP_mig_7series_0_0_in_context.xdc, line 71).
Applied set_property IO_BUFFER_TYPE = NONE for ddr3_sdram_dq[2]. (constraint file  c:/Users/redrob1n/VivadoProjects/MicroBlazeIP/MicroBlazeIP.gen/sources_1/bd/MicroBlazeIP/ip/MicroBlazeIP_mig_7series_0_0/MicroBlazeIP_mig_7series_0_0/MicroBlazeIP_mig_7series_0_0_in_context.xdc, line 72).
Applied set_property CLOCK_BUFFER_TYPE = NONE for ddr3_sdram_dq[2]. (constraint file  c:/Users/redrob1n/VivadoProjects/MicroBlazeIP/MicroBlazeIP.gen/sources_1/bd/MicroBlazeIP/ip/MicroBlazeIP_mig_7series_0_0/MicroBlazeIP_mig_7series_0_0/MicroBlazeIP_mig_7series_0_0_in_context.xdc, line 73).
Applied set_property IO_BUFFER_TYPE = NONE for ddr3_sdram_dq[3]. (constraint file  c:/Users/redrob1n/VivadoProjects/MicroBlazeIP/MicroBlazeIP.gen/sources_1/bd/MicroBlazeIP/ip/MicroBlazeIP_mig_7series_0_0/MicroBlazeIP_mig_7series_0_0/MicroBlazeIP_mig_7series_0_0_in_context.xdc, line 74).
Applied set_property CLOCK_BUFFER_TYPE = NONE for ddr3_sdram_dq[3]. (constraint file  c:/Users/redrob1n/VivadoProjects/MicroBlazeIP/MicroBlazeIP.gen/sources_1/bd/MicroBlazeIP/ip/MicroBlazeIP_mig_7series_0_0/MicroBlazeIP_mig_7series_0_0/MicroBlazeIP_mig_7series_0_0_in_context.xdc, line 75).
Applied set_property IO_BUFFER_TYPE = NONE for ddr3_sdram_dq[4]. (constraint file  c:/Users/redrob1n/VivadoProjects/MicroBlazeIP/MicroBlazeIP.gen/sources_1/bd/MicroBlazeIP/ip/MicroBlazeIP_mig_7series_0_0/MicroBlazeIP_mig_7series_0_0/MicroBlazeIP_mig_7series_0_0_in_context.xdc, line 76).
Applied set_property CLOCK_BUFFER_TYPE = NONE for ddr3_sdram_dq[4]. (constraint file  c:/Users/redrob1n/VivadoProjects/MicroBlazeIP/MicroBlazeIP.gen/sources_1/bd/MicroBlazeIP/ip/MicroBlazeIP_mig_7series_0_0/MicroBlazeIP_mig_7series_0_0/MicroBlazeIP_mig_7series_0_0_in_context.xdc, line 77).
Applied set_property IO_BUFFER_TYPE = NONE for ddr3_sdram_dq[5]. (constraint file  c:/Users/redrob1n/VivadoProjects/MicroBlazeIP/MicroBlazeIP.gen/sources_1/bd/MicroBlazeIP/ip/MicroBlazeIP_mig_7series_0_0/MicroBlazeIP_mig_7series_0_0/MicroBlazeIP_mig_7series_0_0_in_context.xdc, line 78).
Applied set_property CLOCK_BUFFER_TYPE = NONE for ddr3_sdram_dq[5]. (constraint file  c:/Users/redrob1n/VivadoProjects/MicroBlazeIP/MicroBlazeIP.gen/sources_1/bd/MicroBlazeIP/ip/MicroBlazeIP_mig_7series_0_0/MicroBlazeIP_mig_7series_0_0/MicroBlazeIP_mig_7series_0_0_in_context.xdc, line 79).
Applied set_property IO_BUFFER_TYPE = NONE for ddr3_sdram_dq[6]. (constraint file  c:/Users/redrob1n/VivadoProjects/MicroBlazeIP/MicroBlazeIP.gen/sources_1/bd/MicroBlazeIP/ip/MicroBlazeIP_mig_7series_0_0/MicroBlazeIP_mig_7series_0_0/MicroBlazeIP_mig_7series_0_0_in_context.xdc, line 80).
Applied set_property CLOCK_BUFFER_TYPE = NONE for ddr3_sdram_dq[6]. (constraint file  c:/Users/redrob1n/VivadoProjects/MicroBlazeIP/MicroBlazeIP.gen/sources_1/bd/MicroBlazeIP/ip/MicroBlazeIP_mig_7series_0_0/MicroBlazeIP_mig_7series_0_0/MicroBlazeIP_mig_7series_0_0_in_context.xdc, line 81).
Applied set_property IO_BUFFER_TYPE = NONE for ddr3_sdram_dq[7]. (constraint file  c:/Users/redrob1n/VivadoProjects/MicroBlazeIP/MicroBlazeIP.gen/sources_1/bd/MicroBlazeIP/ip/MicroBlazeIP_mig_7series_0_0/MicroBlazeIP_mig_7series_0_0/MicroBlazeIP_mig_7series_0_0_in_context.xdc, line 82).
Applied set_property CLOCK_BUFFER_TYPE = NONE for ddr3_sdram_dq[7]. (constraint file  c:/Users/redrob1n/VivadoProjects/MicroBlazeIP/MicroBlazeIP.gen/sources_1/bd/MicroBlazeIP/ip/MicroBlazeIP_mig_7series_0_0/MicroBlazeIP_mig_7series_0_0/MicroBlazeIP_mig_7series_0_0_in_context.xdc, line 83).
Applied set_property IO_BUFFER_TYPE = NONE for ddr3_sdram_dq[8]. (constraint file  c:/Users/redrob1n/VivadoProjects/MicroBlazeIP/MicroBlazeIP.gen/sources_1/bd/MicroBlazeIP/ip/MicroBlazeIP_mig_7series_0_0/MicroBlazeIP_mig_7series_0_0/MicroBlazeIP_mig_7series_0_0_in_context.xdc, line 84).
Applied set_property CLOCK_BUFFER_TYPE = NONE for ddr3_sdram_dq[8]. (constraint file  c:/Users/redrob1n/VivadoProjects/MicroBlazeIP/MicroBlazeIP.gen/sources_1/bd/MicroBlazeIP/ip/MicroBlazeIP_mig_7series_0_0/MicroBlazeIP_mig_7series_0_0/MicroBlazeIP_mig_7series_0_0_in_context.xdc, line 85).
Applied set_property IO_BUFFER_TYPE = NONE for ddr3_sdram_dq[9]. (constraint file  c:/Users/redrob1n/VivadoProjects/MicroBlazeIP/MicroBlazeIP.gen/sources_1/bd/MicroBlazeIP/ip/MicroBlazeIP_mig_7series_0_0/MicroBlazeIP_mig_7series_0_0/MicroBlazeIP_mig_7series_0_0_in_context.xdc, line 86).
Applied set_property CLOCK_BUFFER_TYPE = NONE for ddr3_sdram_dq[9]. (constraint file  c:/Users/redrob1n/VivadoProjects/MicroBlazeIP/MicroBlazeIP.gen/sources_1/bd/MicroBlazeIP/ip/MicroBlazeIP_mig_7series_0_0/MicroBlazeIP_mig_7series_0_0/MicroBlazeIP_mig_7series_0_0_in_context.xdc, line 87).
Applied set_property IO_BUFFER_TYPE = NONE for ddr3_sdram_dqs_n[0]. (constraint file  c:/Users/redrob1n/VivadoProjects/MicroBlazeIP/MicroBlazeIP.gen/sources_1/bd/MicroBlazeIP/ip/MicroBlazeIP_mig_7series_0_0/MicroBlazeIP_mig_7series_0_0/MicroBlazeIP_mig_7series_0_0_in_context.xdc, line 88).
Applied set_property CLOCK_BUFFER_TYPE = NONE for ddr3_sdram_dqs_n[0]. (constraint file  c:/Users/redrob1n/VivadoProjects/MicroBlazeIP/MicroBlazeIP.gen/sources_1/bd/MicroBlazeIP/ip/MicroBlazeIP_mig_7series_0_0/MicroBlazeIP_mig_7series_0_0/MicroBlazeIP_mig_7series_0_0_in_context.xdc, line 89).
Applied set_property IO_BUFFER_TYPE = NONE for ddr3_sdram_dqs_n[1]. (constraint file  c:/Users/redrob1n/VivadoProjects/MicroBlazeIP/MicroBlazeIP.gen/sources_1/bd/MicroBlazeIP/ip/MicroBlazeIP_mig_7series_0_0/MicroBlazeIP_mig_7series_0_0/MicroBlazeIP_mig_7series_0_0_in_context.xdc, line 90).
Applied set_property CLOCK_BUFFER_TYPE = NONE for ddr3_sdram_dqs_n[1]. (constraint file  c:/Users/redrob1n/VivadoProjects/MicroBlazeIP/MicroBlazeIP.gen/sources_1/bd/MicroBlazeIP/ip/MicroBlazeIP_mig_7series_0_0/MicroBlazeIP_mig_7series_0_0/MicroBlazeIP_mig_7series_0_0_in_context.xdc, line 91).
Applied set_property IO_BUFFER_TYPE = NONE for ddr3_sdram_dqs_p[0]. (constraint file  c:/Users/redrob1n/VivadoProjects/MicroBlazeIP/MicroBlazeIP.gen/sources_1/bd/MicroBlazeIP/ip/MicroBlazeIP_mig_7series_0_0/MicroBlazeIP_mig_7series_0_0/MicroBlazeIP_mig_7series_0_0_in_context.xdc, line 92).
Applied set_property CLOCK_BUFFER_TYPE = NONE for ddr3_sdram_dqs_p[0]. (constraint file  c:/Users/redrob1n/VivadoProjects/MicroBlazeIP/MicroBlazeIP.gen/sources_1/bd/MicroBlazeIP/ip/MicroBlazeIP_mig_7series_0_0/MicroBlazeIP_mig_7series_0_0/MicroBlazeIP_mig_7series_0_0_in_context.xdc, line 93).
Applied set_property IO_BUFFER_TYPE = NONE for ddr3_sdram_dqs_p[1]. (constraint file  c:/Users/redrob1n/VivadoProjects/MicroBlazeIP/MicroBlazeIP.gen/sources_1/bd/MicroBlazeIP/ip/MicroBlazeIP_mig_7series_0_0/MicroBlazeIP_mig_7series_0_0/MicroBlazeIP_mig_7series_0_0_in_context.xdc, line 94).
Applied set_property CLOCK_BUFFER_TYPE = NONE for ddr3_sdram_dqs_p[1]. (constraint file  c:/Users/redrob1n/VivadoProjects/MicroBlazeIP/MicroBlazeIP.gen/sources_1/bd/MicroBlazeIP/ip/MicroBlazeIP_mig_7series_0_0/MicroBlazeIP_mig_7series_0_0/MicroBlazeIP_mig_7series_0_0_in_context.xdc, line 95).
Applied set_property IO_BUFFER_TYPE = NONE for ddr3_sdram_odt[0]. (constraint file  c:/Users/redrob1n/VivadoProjects/MicroBlazeIP/MicroBlazeIP.gen/sources_1/bd/MicroBlazeIP/ip/MicroBlazeIP_mig_7series_0_0/MicroBlazeIP_mig_7series_0_0/MicroBlazeIP_mig_7series_0_0_in_context.xdc, line 96).
Applied set_property CLOCK_BUFFER_TYPE = NONE for ddr3_sdram_odt[0]. (constraint file  c:/Users/redrob1n/VivadoProjects/MicroBlazeIP/MicroBlazeIP.gen/sources_1/bd/MicroBlazeIP/ip/MicroBlazeIP_mig_7series_0_0/MicroBlazeIP_mig_7series_0_0/MicroBlazeIP_mig_7series_0_0_in_context.xdc, line 97).
Applied set_property IO_BUFFER_TYPE = NONE for ddr3_sdram_ras_n. (constraint file  c:/Users/redrob1n/VivadoProjects/MicroBlazeIP/MicroBlazeIP.gen/sources_1/bd/MicroBlazeIP/ip/MicroBlazeIP_mig_7series_0_0/MicroBlazeIP_mig_7series_0_0/MicroBlazeIP_mig_7series_0_0_in_context.xdc, line 98).
Applied set_property CLOCK_BUFFER_TYPE = NONE for ddr3_sdram_ras_n. (constraint file  c:/Users/redrob1n/VivadoProjects/MicroBlazeIP/MicroBlazeIP.gen/sources_1/bd/MicroBlazeIP/ip/MicroBlazeIP_mig_7series_0_0/MicroBlazeIP_mig_7series_0_0/MicroBlazeIP_mig_7series_0_0_in_context.xdc, line 99).
Applied set_property IO_BUFFER_TYPE = NONE for ddr3_sdram_reset_n. (constraint file  c:/Users/redrob1n/VivadoProjects/MicroBlazeIP/MicroBlazeIP.gen/sources_1/bd/MicroBlazeIP/ip/MicroBlazeIP_mig_7series_0_0/MicroBlazeIP_mig_7series_0_0/MicroBlazeIP_mig_7series_0_0_in_context.xdc, line 100).
Applied set_property CLOCK_BUFFER_TYPE = NONE for ddr3_sdram_reset_n. (constraint file  c:/Users/redrob1n/VivadoProjects/MicroBlazeIP/MicroBlazeIP.gen/sources_1/bd/MicroBlazeIP/ip/MicroBlazeIP_mig_7series_0_0/MicroBlazeIP_mig_7series_0_0/MicroBlazeIP_mig_7series_0_0_in_context.xdc, line 101).
Applied set_property IO_BUFFER_TYPE = NONE for ddr3_sdram_we_n. (constraint file  c:/Users/redrob1n/VivadoProjects/MicroBlazeIP/MicroBlazeIP.gen/sources_1/bd/MicroBlazeIP/ip/MicroBlazeIP_mig_7series_0_0/MicroBlazeIP_mig_7series_0_0/MicroBlazeIP_mig_7series_0_0_in_context.xdc, line 102).
Applied set_property CLOCK_BUFFER_TYPE = NONE for ddr3_sdram_we_n. (constraint file  c:/Users/redrob1n/VivadoProjects/MicroBlazeIP/MicroBlazeIP.gen/sources_1/bd/MicroBlazeIP/ip/MicroBlazeIP_mig_7series_0_0/MicroBlazeIP_mig_7series_0_0/MicroBlazeIP_mig_7series_0_0_in_context.xdc, line 103).
Applied set_property IO_BUFFER_TYPE = NONE for sys_clk_i. (constraint file  c:/Users/redrob1n/VivadoProjects/MicroBlazeIP/MicroBlazeIP.gen/sources_1/bd/MicroBlazeIP/ip/MicroBlazeIP_mig_7series_0_0/MicroBlazeIP_mig_7series_0_0/MicroBlazeIP_mig_7series_0_0_in_context.xdc, line 104).
Applied set_property CLOCK_BUFFER_TYPE = NONE for sys_clk_i. (constraint file  c:/Users/redrob1n/VivadoProjects/MicroBlazeIP/MicroBlazeIP.gen/sources_1/bd/MicroBlazeIP/ip/MicroBlazeIP_mig_7series_0_0/MicroBlazeIP_mig_7series_0_0/MicroBlazeIP_mig_7series_0_0_in_context.xdc, line 105).
Applied set_property KEEP_HIERARCHY = SOFT for MicroBlazeIP_i. (constraint file  auto generated constraint).
Applied set_property KEEP_HIERARCHY = SOFT for MicroBlazeIP_i/microblaze_0. (constraint file  auto generated constraint).
Applied set_property KEEP_HIERARCHY = SOFT for MicroBlazeIP_i/mig_7series_0. (constraint file  auto generated constraint).
Applied set_property KEEP_HIERARCHY = SOFT for MicroBlazeIP_i/microblaze_0_local_memory/dlmb_v10. (constraint file  auto generated constraint).
Applied set_property KEEP_HIERARCHY = SOFT for MicroBlazeIP_i/microblaze_0_local_memory/ilmb_v10. (constraint file  auto generated constraint).
Applied set_property KEEP_HIERARCHY = SOFT for MicroBlazeIP_i/microblaze_0_local_memory/dlmb_bram_if_cntlr. (constraint file  auto generated constraint).
Applied set_property KEEP_HIERARCHY = SOFT for MicroBlazeIP_i/microblaze_0_local_memory/ilmb_bram_if_cntlr. (constraint file  auto generated constraint).
Applied set_property KEEP_HIERARCHY = SOFT for MicroBlazeIP_i/microblaze_0_local_memory/lmb_bram. (constraint file  auto generated constraint).
Applied set_property KEEP_HIERARCHY = SOFT for MicroBlazeIP_i/mdm_1. (constraint file  auto generated constraint).
Applied set_property KEEP_HIERARCHY = SOFT for MicroBlazeIP_i/rst_mig_7series_0_81M. (constraint file  auto generated constraint).
Applied set_property KEEP_HIERARCHY = SOFT for MicroBlazeIP_i/axi_smc. (constraint file  auto generated constraint).
Applied set_property KEEP_HIERARCHY = SOFT for MicroBlazeIP_i/axi_uartlite_0. (constraint file  auto generated constraint).
Applied set_property KEEP_HIERARCHY = SOFT for MicroBlazeIP_i/microblaze_0_axi_periph/xbar. (constraint file  auto generated constraint).
Applied set_property KEEP_HIERARCHY = SOFT for MicroBlazeIP_i/microblaze_0_axi_periph. (constraint file  auto generated constraint).
Applied set_property KEEP_HIERARCHY = SOFT for MicroBlazeIP_i/AXI_GPIO_LED. (constraint file  auto generated constraint).
Applied set_property KEEP_HIERARCHY = SOFT for MicroBlazeIP_i/AXI_GPIO_BUTTONS. (constraint file  auto generated constraint).
Applied set_property KEEP_HIERARCHY = SOFT for MicroBlazeIP_i/axi_iic_0. (constraint file  auto generated constraint).
Applied set_property KEEP_HIERARCHY = SOFT for MicroBlazeIP_i/pwm_gen_0. (constraint file  auto generated constraint).
---------------------------------------------------------------------------------
Finished applying 'set_property' XDC Constraints : Time (s): cpu = 00:00:13 ; elapsed = 00:00:14 . Memory (MB): peak = 1731.238 ; gain = 96.059
---------------------------------------------------------------------------------
---------------------------------------------------------------------------------
Finished RTL Optimization Phase 2 : Time (s): cpu = 00:00:14 ; elapsed = 00:00:14 . Memory (MB): peak = 1731.238 ; gain = 96.059
---------------------------------------------------------------------------------
---------------------------------------------------------------------------------
Start RTL Component Statistics 
---------------------------------------------------------------------------------
Detailed RTL Component Info : 
---------------------------------------------------------------------------------
Finished RTL Component Statistics 
---------------------------------------------------------------------------------
---------------------------------------------------------------------------------
Start Part Resource Summary
---------------------------------------------------------------------------------
Part Resources:
DSPs: 240 (col length:80)
BRAMs: 270 (col length: RAMB18 80 RAMB36 40)
---------------------------------------------------------------------------------
Finished Part Resource Summary
---------------------------------------------------------------------------------
---------------------------------------------------------------------------------
Start Cross Boundary and Area Optimization
---------------------------------------------------------------------------------
WARNING: [Synth 8-7080] Parallel synthesis criteria is not met
WARNING: [Synth 8-7129] Port M00_ACLK in module MicroBlazeIP_microblaze_0_axi_periph_0 is either unconnected or has no load
WARNING: [Synth 8-7129] Port M00_ARESETN in module MicroBlazeIP_microblaze_0_axi_periph_0 is either unconnected or has no load
WARNING: [Synth 8-7129] Port M01_ACLK in module MicroBlazeIP_microblaze_0_axi_periph_0 is either unconnected or has no load
WARNING: [Synth 8-7129] Port M01_ARESETN in module MicroBlazeIP_microblaze_0_axi_periph_0 is either unconnected or has no load
WARNING: [Synth 8-7129] Port M02_ACLK in module MicroBlazeIP_microblaze_0_axi_periph_0 is either unconnected or has no load
WARNING: [Synth 8-7129] Port M02_ARESETN in module MicroBlazeIP_microblaze_0_axi_periph_0 is either unconnected or has no load
WARNING: [Synth 8-7129] Port M03_ACLK in module MicroBlazeIP_microblaze_0_axi_periph_0 is either unconnected or has no load
WARNING: [Synth 8-7129] Port M03_ARESETN in module MicroBlazeIP_microblaze_0_axi_periph_0 is either unconnected or has no load
WARNING: [Synth 8-7129] Port M04_ACLK in module MicroBlazeIP_microblaze_0_axi_periph_0 is either unconnected or has no load
WARNING: [Synth 8-7129] Port M04_ARESETN in module MicroBlazeIP_microblaze_0_axi_periph_0 is either unconnected or has no load
WARNING: [Synth 8-7129] Port S00_ACLK in module MicroBlazeIP_microblaze_0_axi_periph_0 is either unconnected or has no load
WARNING: [Synth 8-7129] Port S00_ARESETN in module MicroBlazeIP_microblaze_0_axi_periph_0 is either unconnected or has no load
---------------------------------------------------------------------------------
Finished Cross Boundary and Area Optimization : Time (s): cpu = 00:00:15 ; elapsed = 00:00:16 . Memory (MB): peak = 1731.238 ; gain = 96.059
---------------------------------------------------------------------------------
---------------------------------------------------------------------------------
Start Applying XDC Timing Constraints
---------------------------------------------------------------------------------
---------------------------------------------------------------------------------
Finished Applying XDC Timing Constraints : Time (s): cpu = 00:00:20 ; elapsed = 00:00:21 . Memory (MB): peak = 1731.238 ; gain = 96.059
---------------------------------------------------------------------------------
---------------------------------------------------------------------------------
Start Timing Optimization
---------------------------------------------------------------------------------
---------------------------------------------------------------------------------
Finished Timing Optimization : Time (s): cpu = 00:00:20 ; elapsed = 00:00:21 . Memory (MB): peak = 1731.238 ; gain = 96.059
---------------------------------------------------------------------------------
---------------------------------------------------------------------------------
Start Technology Mapping
---------------------------------------------------------------------------------
---------------------------------------------------------------------------------
Finished Technology Mapping : Time (s): cpu = 00:00:20 ; elapsed = 00:00:21 . Memory (MB): peak = 1731.238 ; gain = 96.059
---------------------------------------------------------------------------------
---------------------------------------------------------------------------------
Start IO Insertion
---------------------------------------------------------------------------------
---------------------------------------------------------------------------------
Start Flattening Before IO Insertion
---------------------------------------------------------------------------------
---------------------------------------------------------------------------------
Finished Flattening Before IO Insertion
---------------------------------------------------------------------------------
---------------------------------------------------------------------------------
Start Final Netlist Cleanup
---------------------------------------------------------------------------------
---------------------------------------------------------------------------------
Finished Final Netlist Cleanup
---------------------------------------------------------------------------------
---------------------------------------------------------------------------------
Finished IO Insertion : Time (s): cpu = 00:00:24 ; elapsed = 00:00:24 . Memory (MB): peak = 1731.238 ; gain = 96.059
---------------------------------------------------------------------------------
---------------------------------------------------------------------------------
Start Renaming Generated Instances
---------------------------------------------------------------------------------
---------------------------------------------------------------------------------
Finished Renaming Generated Instances : Time (s): cpu = 00:00:24 ; elapsed = 00:00:24 . Memory (MB): peak = 1731.238 ; gain = 96.059
---------------------------------------------------------------------------------
---------------------------------------------------------------------------------
Start Rebuilding User Hierarchy
---------------------------------------------------------------------------------
---------------------------------------------------------------------------------
Finished Rebuilding User Hierarchy : Time (s): cpu = 00:00:24 ; elapsed = 00:00:24 . Memory (MB): peak = 1731.238 ; gain = 96.059
---------------------------------------------------------------------------------
---------------------------------------------------------------------------------
Start Renaming Generated Ports
---------------------------------------------------------------------------------
---------------------------------------------------------------------------------
Finished Renaming Generated Ports : Time (s): cpu = 00:00:24 ; elapsed = 00:00:24 . Memory (MB): peak = 1731.238 ; gain = 96.059
---------------------------------------------------------------------------------
---------------------------------------------------------------------------------
Start Handling Custom Attributes
---------------------------------------------------------------------------------
---------------------------------------------------------------------------------
Finished Handling Custom Attributes : Time (s): cpu = 00:00:24 ; elapsed = 00:00:24 . Memory (MB): peak = 1731.238 ; gain = 96.059
---------------------------------------------------------------------------------
---------------------------------------------------------------------------------
Start Renaming Generated Nets
---------------------------------------------------------------------------------
---------------------------------------------------------------------------------
Finished Renaming Generated Nets : Time (s): cpu = 00:00:24 ; elapsed = 00:00:24 . Memory (MB): peak = 1731.238 ; gain = 96.059
---------------------------------------------------------------------------------
---------------------------------------------------------------------------------
Start Writing Synthesis Report
---------------------------------------------------------------------------------

Report BlackBoxes: 
+------+-------------------------------------+----------+
|      |BlackBox name                        |Instances |
+------+-------------------------------------+----------+
|1     |MicroBlazeIP_xbar_0                  |         1|
|2     |MicroBlazeIP_axi_gpio_0_3            |         1|
|3     |MicroBlazeIP_axi_gpio_0_2            |         1|
|4     |MicroBlazeIP_axi_iic_0_0             |         1|
|5     |MicroBlazeIP_axi_smc_0               |         1|
|6     |MicroBlazeIP_axi_uartlite_0_0        |         1|
|7     |MicroBlazeIP_mdm_1_1                 |         1|
|8     |MicroBlazeIP_microblaze_0_0          |         1|
|9     |MicroBlazeIP_mig_7series_0_0         |         1|
|10    |MicroBlazeIP_pwm_gen_0_0             |         1|
|11    |MicroBlazeIP_rst_mig_7series_0_81M_0 |         1|
|12    |MicroBlazeIP_dlmb_bram_if_cntlr_1    |         1|
|13    |MicroBlazeIP_dlmb_v10_1              |         1|
|14    |MicroBlazeIP_ilmb_bram_if_cntlr_1    |         1|
|15    |MicroBlazeIP_ilmb_v10_1              |         1|
|16    |MicroBlazeIP_lmb_bram_1              |         1|
+------+-------------------------------------+----------+

Report Cell Usage: 
+------+-----------------------------------+------+
|      |Cell                               |Count |
+------+-----------------------------------+------+
|1     |MicroBlazeIP_axi_gpio_0            |     2|
|3     |MicroBlazeIP_axi_iic_0             |     1|
|4     |MicroBlazeIP_axi_smc               |     1|
|5     |MicroBlazeIP_axi_uartlite_0        |     1|
|6     |MicroBlazeIP_dlmb_bram_if_cntlr    |     1|
|7     |MicroBlazeIP_dlmb_v10              |     1|
|8     |MicroBlazeIP_ilmb_bram_if_cntlr    |     1|
|9     |MicroBlazeIP_ilmb_v10              |     1|
|10    |MicroBlazeIP_lmb_bram              |     1|
|11    |MicroBlazeIP_mdm_1                 |     1|
|12    |MicroBlazeIP_microblaze_0          |     1|
|13    |MicroBlazeIP_mig_7series_0         |     1|
|14    |MicroBlazeIP_pwm_gen_0             |     1|
|15    |MicroBlazeIP_rst_mig_7series_0_81M |     1|
|16    |MicroBlazeIP_xbar                  |     1|
|17    |IBUF                               |     2|
|18    |IOBUF                              |     6|
|19    |OBUF                               |     6|
+------+-----------------------------------+------+
---------------------------------------------------------------------------------
Finished Writing Synthesis Report : Time (s): cpu = 00:00:24 ; elapsed = 00:00:24 . Memory (MB): peak = 1731.238 ; gain = 96.059
---------------------------------------------------------------------------------
Synthesis finished with 0 errors, 0 critical warnings and 13 warnings.
Synthesis Optimization Runtime : Time (s): cpu = 00:00:15 ; elapsed = 00:00:22 . Memory (MB): peak = 1731.238 ; gain = 80.102
Synthesis Optimization Complete : Time (s): cpu = 00:00:24 ; elapsed = 00:00:25 . Memory (MB): peak = 1731.238 ; gain = 96.059
INFO: [Project 1-571] Translating synthesized netlist
Netlist sorting complete. Time (s): cpu = 00:00:01 ; elapsed = 00:00:00.035 . Memory (MB): peak = 1731.238 ; gain = 0.000
INFO: [Netlist 29-17] Analyzing 6 Unisim elements for replacement
INFO: [Netlist 29-28] Unisim Transformation completed in 0 CPU seconds
INFO: [Project 1-570] Preparing netlist for logic optimization
INFO: [Opt 31-138] Pushed 0 inverter(s) to 0 load pin(s).
Netlist sorting complete. Time (s): cpu = 00:00:00 ; elapsed = 00:00:00.001 . Memory (MB): peak = 1752.898 ; gain = 0.000
INFO: [Project 1-111] Unisim Transformation Summary:
  A total of 6 instances were transformed.
  IOBUF => IOBUF (IBUF, OBUFT): 6 instances

Synth Design complete, checksum: db1cd756
INFO: [Common 17-83] Releasing license: Synthesis
80 Infos, 110 Warnings, 0 Critical Warnings and 0 Errors encountered.
synth_design completed successfully
synth_design: Time (s): cpu = 00:00:27 ; elapsed = 00:00:29 . Memory (MB): peak = 1752.898 ; gain = 117.719
INFO: [Common 17-1381] The checkpoint 'C:/Users/redrob1n/VivadoProjects/MicroBlazeIP/MicroBlazeIP.runs/synth_1/MicroBlazeIP_wrapper.dcp' has been generated.
INFO: [runtcl-4] Executing : report_utilization -file MicroBlazeIP_wrapper_utilization_synth.rpt -pb MicroBlazeIP_wrapper_utilization_synth.pb
INFO: [Common 17-206] Exiting Vivado at Sun Mar  5 18:46:08 2023...
